procs -----------memory---------- ---swap-- -----io---- -system-- -------cpu-------
 r  b   swpd   free   buff  cache   si   so    bi    bo   in   cs us sy id wa st gu
 4  0 256080 5326452   5372 340900    0   62   143    93  335    0  0  0 99  0  0  0
 0  0 256080 5331784   5544 342556    0    0   476     0 1337  697  1  1 98  0  0  0
 0  0 256080 5352100   5552 342560    0    0     0    60 1141  656  0  1 99  0  0  0
 1  0 256080 5369976   5552 342568    0    0     4     0  627  435  0  0 99  0  0  0
 4  0 256080 4582396   5956 370604    0    0 11280     0 4654  658 40  8 52  0  0  0
 4  0 256080 3826840   5956 370612    0    0     0     0 4434  431 40 10 50  0  0  0
 4  0 256080 2984668   5956 370664    0    0     0     0 4832  684 42  9 48  0  0  0
 4  0 256080 4602408   5964 370668    0    0     0    44 4941  835 40 12 48  0  0  0
 4  0 256080 3739860   5964 370676    0    0     0     0 4390  375 43  8 49  0  0  0
 4  0 256080 2937408   5964 370680    0    0     0     0 4330  392 43  8 50  0  0  0
 4  0 256080 4599436   5964 370688    0    0     0     0 4356  435 39 11 49  0  0  0
 4  0 256080 3729440   5964 370692    0    0     0     0 4336  409 43  7 50  0  0  0
 4  0 256080 2943240   5972 370696    0    0     0    12 4304  372 43  8 50  0  0  0
 4  0 256080 4603452   5972 370704    0    0     0     0 4368  479 40 10 50  0  0  0
 4  0 256080 3725980   6104 370708    0    0   132     0 4414  419 43  7 48  1  0  0
 4  0 256080 2946064   6104 370732    0    0     0     0 6124 3375 45  9 47  0  0  0
 4  0 256080 4234800   6104 370736    0    0     0     0 4502  448 38 13 50  0  0  0
 4  0 256080 3600288   6112 370740    0    0     0    16 4419  404 45  6 49  0  0  0
 4  0 256080 3127412   6112 370748    0    0     0     0 4344  407 45  5 50  0  0  0
 4  0 256080 4286544   6112 370752    0    0     0     0 4434  431 38 13 50  0  0  0
 4  0 256080 3634196   6112 370760    0    0     0     0 4346  363 44  6 50  0  0  0
procs -----------memory---------- ---swap-- -----io---- -system-- -------cpu-------
 r  b   swpd   free   buff  cache   si   so    bi    bo   in   cs us sy id wa st gu
 5  0 256080 4194488   6112 370768    0    0     0     0 4386  426 43  7 49  0  0  0
 4  0 256080 4683900   6120 370772    0    0     0    12 4366  407 41  9 49  0  0  0
 4  0 256080 3817484   6120 370780    0    0     0     0 4349  386 43  8 50  0  0  0
 4  0 256080 4022996   6120 370784    0    0     0     0 4378  385 41 10 50  0  0  0
 4  0 256080 4694016   6120 370792    0    0     0     0 4477  601 41 10 49  0  0  0
 4  0 256080 3803996   6380 370796    0    0   260     0 4362  425 43  7 49  0  0  0
 4  0 256080 4155036   6388 370792    0    0     0    12 4352  400 42  9 49  0  0  0
 4  0 256080 4127888   6388 370808    0    0     0   596 4430  503 39 12 49  0  0  0
 4  0 256080 3462156   6388 370812    0    0     0     0 4344  426 45  6 49  0  0  0
 4  0 256080 4102884   6388 370820    0    0     0     0 6147 3267 45  8 46  0  0  0
 4  0 256080 4785544   6388 370824    0    0     0     0 4405  418 41 10 50  0  0  0
 4  0 256080 3948612   6396 370824    0    0     0    20 4390  377 42  8 50  0  0  0
 4  0 256080 3074388   6404 370848    0    0     8   216 4329  405 42  8 50  0  0  0
 4  0 256080 4794776   6404 370852    0    0     0     0 4371  421 39 11 49  0  0  0
 4  0 256080 3882000   6404 370860    0    0     0     0 4385  458 44  7 49  0  0  0
 3  1 264788 3428608   6404 370864    0 8708     0  8708 4367  490 43  8 49  0  0  0
 4  0 869424 4269860   6412 370868    0 604552     0 604584 5807  835 30 20 49  1  0  0
 4  0 256080 4066540   6416 370876    0 26740     4 26744 4473  528 41 10 49  0  0  0
 4  0 256080 3772836   6416 370880    0    0     0     0 4355  371 42  8 49  0  0  0
 4  0 256080 4254976   6416 370888    0    0     0     0 4334  379 40 10 49  0  0  0
 4  0 256080 4035528   6416 370896    0    0     0     0 4405  445 41 10 49  0  0  0
procs -----------memory---------- ---swap-- -----io---- -system-- -------cpu-------
 r  b   swpd   free   buff  cache   si   so    bi    bo   in   cs us sy id wa st gu
 5  0 256080 3785912   6424 370900    0    0     0    20 4353  392 40 10 50  0  0  0
 4  0 256080 4104168   6424 370912    0    0     0     0 4357  390 39 11 50  0  0  0
 4  0 256080 4120932   6424 370916    0    0     0     0 4370  363 41 10 49  0  0  0
 4  0 256080 3222144   6424 370940    0    0     0     0 6324 3668 44  9 46  0  0  0
 4  0 256080 4862344   6424 370944    0    0     0     0 4410  446 40 11 50  0  0  0
 4  0 256080 4054028   6432 370948    0    0     0    12 4324  356 43  8 49  0  0  0
 4  0 256080 3751192   6432 370956    0    0     0     0 4332  406 42  9 49  0  0  0
 4  0 710372 3833648   6432 370960    0 454144     0 454144 6240  730 30 21 50  0  0  0
 3  1 864340 3394192   6432 370968    0 154116     0 154116 4459  598 34  7 49  9  0  0
 4  0 427848 3999084   6432 370972    0 31740     0 31740 4061  536 33  8 50 10  0  0
 4  0 411068 4219328   6440 370976    0 154852     0 154864 4764  550 39 11 49  1  0  0
 4  0 814428 3575144   6440 370984    0 403404     0 403404 5264  803 32 15 49  4  0  0
 3  1 854612 3003084   6440 370988    0 40276     0 40276 3925  525 32  7 50 11  0  0
 3  1 869972 4080860   6440 370996    0 15360     0 15360 3600  465 30  8 49 12  0  0
 3  1 869972 3376900   6440 371000    0    0     0     0 3545  447 32  6 50 12  0  0
 4  0 308540 3820444   6448 371004    0 78468     0 78480 4658  593 37 12 50  1  0  0
 3  1 394836 3832144   6448 371012    0 86396     0 86396 3835  478 31  8 50 11  0  0
 3  2 394836 3146836   6576 371016    0    0   128     0 3547  460 32  6 42 20  0  0
 3  2 394836 4449932   6576 371024    0    0     0     0 5671 3984 31 10 35 24  0  0
 3  1 398932 3771292   6748 371040    0 4096   180  4096 3849  785 32  6 39 23  0  0
 3  1 419924 3076240   6748 371044    0 20992     0 20992 3686  458 32  6 49 12  0  0
procs -----------memory---------- ---swap-- -----io---- -system-- -------cpu-------
 r  b   swpd   free   buff  cache   si   so    bi    bo   in   cs us sy id wa st gu
 4  1 611412 3887484   6756 371052    0 191488     0 191500 5044  720 28 15 40 17  0  0
 3  1 865364 3474220   6756 371060    0 253952     0 254180 5425  798 34 10 49  7  0  0
 4  0 257104 3639076   6756 371076    0 30716     0 30716 4619  615 39  8 49  5  0  0
 4  0 257104 4759136   6756 371080    0    0     0     0 4383  424 41  9 49  0  0  0
 4  0 257104 3855796   6756 371084    0    0     0     0 4391  357 43  7 50  0  0  0
 4  0 257104 3653624   6764 371092    0    0     0    28 4409  377 42  8 49  0  0  0
 4  0 491932 4144288   6764 371096    0 234692     0 234700 5346  574 38 13 49  0  0  0
 4  0 257104 3683660   6764 371104    0 405308     0 405308 6487  768 32 18 49  0  0  0
 4  0 257104 3439400   6764 371108    0    0     0     0 4407  408 43  7 50  0  0  0
 4  0 257104 4071380   6764 371116    0    0     0     0 4380  407 43  7 49  0  0  0
 4  0 257104 3947036   6772 371120    0    0     0    20 4402  431 43  7 49  0  0  0
 4  0 257104 4200472   6772 371124    0    0     0     0 4359  398 42  9 50  0  0  0
 4  0 670640 3603792   6772 371132    0 413520     0 413520 8133 4186 38 15 46  0  0  0
 5  0 257104 3621572   6772 371136    0 226480     0 226480 5418  598 34 16 49  0  0  0
 4  0 257104 4189124   6772 371144    0    0     0     0 4445  443 43  8 49  0  0  0
 4  0 257104 3780980   6780 371148    0    0     0    12 4331  387 44  7 49  0  0  0
 4  0 683732 3484224   6780 371152    0 426392     0 426392 6145  545 33 17 49  0  0  0
 4  0 257104 4399304   6780 371160    0 213608     0 213608 5314  522 38 12 49  0  0  0
 4  0 257104 4402404   6780 371168    0    0     0     0 4422  403 44  6 49  0  0  0
 4  0 257104 3477072   6780 371176    0    0     0     0 4383  379 43  8 49  0  0  0
 4  0 257104 4490676   6788 371180    0    0     0    12 4421  448 42  9 49  0  0  0
procs -----------memory---------- ---swap-- -----io---- -system-- -------cpu-------
 r  b   swpd   free   buff  cache   si   so    bi    bo   in   cs us sy id wa st gu
 4  0 257104 4316636   6788 371184    0    0     0     0 4362  381 41  9 50  0  0  0
 4  0 257104 4025984   6788 371192    0    0     0     0 4447  566 41 10 49  0  0  0
 4  0 257104 4577504   6788 371200    0    0     0     0 4368  433 38 12 49  0  0  0
 4  0 257104 4354816   6788 371208    0    0     0     0 4392  374 40 10 50  0  0  0
 4  0 257104 3501672   6796 371212    0    0     0    16 4369  372 42  9 49  0  0  0
 4  0 257104 4572072   6796 371216    0    0     0     0 4381  424 40 10 49  0  0  0
 4  1 257104 4344744   7992 372976    0    0  2944     0 5964 2688 44 10 43  3  0  0
 4  0 257104 3475316   8012 375680    0    0   236     0 4583  590 42  9 48  1  0  0
 4  0 257104 4541404   8012 375688    0    0     0     0 4328  421 40 11 49  0  0  0
 4  0 257104 3663936   8020 375684    0    0     0    28 4392  419 42  8 50  0  0  0
