procs -----------memory---------- ---swap-- -----io---- -system-- -------cpu-------
 r  b   swpd   free   buff  cache   si   so    bi    bo   in   cs us sy id wa st gu
 0  0 177128 5086092   5108 324952    0   27   142    59  330    0  0  0 100  0  0  0
 0  4 177128 5086044   5112 325532    0    0     0    80  452  415  0  0 99  1  0  0
 0  0 177128 5084060   5116 325536    0    0     0     4 1188  689  1  1 90  9  0  0
 0  1 177128 5078904   5400 329644    0    0  2884     0 3233 3754  3  2 91  4  0  0
 0  1 177128 5070648   5660 337260    0    0  7868     0  985  524  0  1 87 12  0  0
 4  0 177128 4277452   5660 356548    0    0  1872     0 4067  642 36  5 56  3  0  0
 4  2 177128 3386312   5664 356580    0    0     0    48 4388  400 44  7 49  1  0  0
 4  0 177128 4306676   5668 356584    0    0     0     4 4931  736 45  6 48  0  0  0
 4  0 177128 3972948   5668 356612    0    0     0     0 4950  883 48  4 48  0  0  0
 4  0 177128 2961844   5668 356616    0    0     0     0 4272  308 47  3 50  0  0  0
 5  0 177128 4453732   5668 356624    0    0     0     0 10318  384 43 16 41  0  0  0
 4  0 177128 3699084   5676 356620    0    0     0    20 4502  436 47  4 46  3  0  0
 4  0 177128 2661336   5676 356632    0    0     0     0 4306  325 48  2 50  0  0  0
 4  0 177128 4194072   5676 356640    0    0     0     0 4323  362 48  2 50  0  0  0
 4  0 177128 3145268   5676 356640    0    0     0     0 4361  328 49  2 50  0  0  0
 4  0 177128 4056640   5676 356652    0    0     0     0 4427  428 47  3 49  0  0  0
 4  0 177128 3312052   5684 356644    0    0     0    20 4330  413 49  2 49  0  0  0
 4  0 177128 3116136   5684 356660    0    0     0     0 4373  370 49  2 50  0  0  0
 4  0 177128 4210144   5684 356700    0    0     0     0 5587 2938 49  4 47  0  0  0
 4  0 177128 3319748   5684 356704    0    0     0     0 4328  312 46  4 50  0  0  0
 4  0 177128 3593248   5684 356712    0    0     0     0 4319  378 45  6 50  0  0  0
procs -----------memory---------- ---swap-- -----io---- -system-- -------cpu-------
 r  b   swpd   free   buff  cache   si   so    bi    bo   in   cs us sy id wa st gu
 5  0 258884 3396848   5692 356712    0 81756     0 81776 4674  487 43  8 50  0  0  0
 3  1 359404 2704072   5692 356724    0 100520     0 100520 3935  471 34  6 50 10  0  0
 3  1 359404 3775516   5692 356732    0    0     0     0 3484  438 34  4 50 12  0  0
 3  1 359404 3069748   5692 356732    0    0     0     0 3472  377 36  2 49 12  0  0
 3  1 359404 2455964   5692 356744    0    0     0     0 3380  396 36  2 60  2  0  0
 3  3 375276 3221448   5696 356740    0 15872     0 15888 3792  426 37  2 60  1  0  0
 3  5 375276 3640644   5700 356752    0    0     0   172 14705 2703 36  1 20 42  0  0
 3  6 375276 2874492   5832 356760    0    0   132     0 3584  517 36  2 28 34  0  0
 3  6 375276 3938972   5832 356764    0    0     0     0 5233 3586 38  3 22 36  0  0
 3  6 376300 3210220   5992 356768    0 1024   156  1048 3529  410 36  2 25 37  0  0
 2  4 380196 3415528   6012 356780    0 3896    24  4040 4782  871 29  1 29 41  0  0
 2  4 380196 2968128   6016 356792    0    0     4     8 2444  394 24  1 37 37  0  0
 2  4 380196 3038476   6016 356800    0    0     0     0 2425  338 24  1 37 37  0  0
 2  8 380196 3201396   6020 356800    0    0     8     0 2596  537 25  1 15 59  0  0
 2  4 381172 2668608   6376 360840    0  976  4364  1312 3572  927 25  2 20 53  0  0
 2  2 389536 3352640   6720 360896    0 8364   396  8380 3928  982 25  2 47 26  0  0
 2  2 392800 2901828   6720 360900    0 3264     0  3264 3815 1123 26  2 48 25  0  0
 2  2 399636 2967364   6720 360908    0 6836     0  6836 4048  894 25  2 48 24  0  0
 2  2 413740 3119460   6720 360908    0 14104     0 14104 3763  549 24  2 50 24  0  0
 2  4 416224 2588812   6724 360920    0 2484     0  2532 3085  877 26  1 46 27  0  0
 2  2 418208 3312032   6728 360920    0 1984     0  1988 3617 1095 26  2 46 26  0  0
procs -----------memory---------- ---swap-- -----io---- -system-- -------cpu-------
 r  b   swpd   free   buff  cache   si   so    bi    bo   in   cs us sy id wa st gu
 2  2 418388 2783344   6728 360932    0  180     0   180 2776  689 25  1 49 25  0  0
 4  2 420348 3469376   6728 360944    0 1960     0  1960 3974 2521 26  2 47 24  0  0
 2  2 423344 3033152   6728 360944    0 2996     0  2996 3611 1839 25  1 49 24  0  0
 4  1 481328 3117120   6736 360956    0 57804     0 57824 7354 1651 24  4 49 22  0  0
 3  2 593864 3315256   6736 360960    0 112716     0 112716 14075 2611 25  5 50 20  0  0
 2  2 601680 2786872   6736 360964    0 7816     0  7816 3438  665 25  2 50 24  0  0
 2  2 603124 3483192   6736 360972    0 1444     0  1444 2601  392 24  2 50 25  0  0
 3  1 603292 3007604   6880 360832    0  168   144   168 2526  357 24  1 40 35  0  0
 2  2 608984 3089500   6888 360984    0 5692     0  5712 3033  491 24  2 48 26  0  0
 2  2 616712 2782128   6888 360988    0 7728     0  7728 3628  577 24  2 50 24  0  0
 2  3 616852 2511916   6892 360992    0  140     4   140 2530  478 25  1 42 32  0  0
 2  2 617692 3400248   7020 360996    0  840   128   840 2591  532 24  1 48 27  0  0
 2  4 618196 2965316   7020 361004    0  504     0   512 2565  377 25  1 46 29  0  0
 2  6 618332 3049176   7024 361012    0  136     0   164 2426  329 24  1 34 41  0  0
 3  2 620412 3431900   7028 361016    0 2080     0  2084 7204 1428 24  1 26 49  0  0
 2  3 620608 2976992   7160 361020    0  196   132   196 2628  693 25  2 50 24  0  0
 2  5 620608 3095524   7164 361028    0    0     0    16 2437  328 24  1 48 27  0  0
 2  2 622320 2930380   8260 362980    0 1712  3028  1748 8574 4210 25  2 21 53  0  0
 2  2 630440 3095844   8260 362988    0 8120     0  8120 3725  591 23  4 49 25  0  0
 2  2 746388 2673468   8260 362996    0 115948     0 115948 14357 2661 22  7 50 20  0  0
 2  2 747308 2812508   8260 363000    0  920     0   920 2495  373 23  3 50 25  0  0
procs -----------memory---------- ---swap-- -----io---- -system-- -------cpu-------
 r  b   swpd   free   buff  cache   si   so    bi    bo   in   cs us sy id wa st gu
 2  2 749136 3028832   8264 363016    0 1828     4  2052 2766  439 23  3 50 25  0  0
 2  2 750124 3119984   8272 363024    0  988     0  1044 2688  430 24  1 42 33  0  0
 2  2 753852 3243420   8272 363032    0 3728     0  3728 2632  365 24  2 50 25  0  0
 2  2 755864 2750180   8272 363032    0 2012     0  2012 2752  381 23  3 50 25  0  0
 1  3 757656 2502964   8272 363040    0 1792     0  1792 2128  431 12  2 50 36  0  0
 1  3 757924 2920920   8272 363048    0  268     0   268 1602  421 11  2 50 37  0  0
 1  4 758064 2658592   8280 363052    0  140     0   160 1480  386 12  1 45 42  0  0
 1  3 758216 2404112   8280 363056    0  152     0   152 2604 2733 14  2 48 37  0  0
 1  3 758752 2779772   8280 363064    0  536     0   536 1642  371 12  1 50 37  0  0
 1  3 759356 2517604   8280 363072    0  604     0   604 1719  427 12  1 49 37  0  0
 1  3 761400 2911732   8280 363076    0 2044     0  2044 1958  543 12  1 50 37  0  0
 4  0 762712 2678892   8288 363080    0 1204     0  1224 1758  449 11  2 44 43  0  0
 4  0 783368 2474892   8288 363088    0 20764     0 20764 4610 1523 11  3 50 36  0  0
 1  3 879728 2946300   8288 363092    0 96360     0 96360 16882 5142 10  7 50 32  0  0
 1  3 880760 2688192   8288 363096    0 1032     0  1032 1694  421 12  1 50 37  0  0
 1  3 881196 2425136   8288 363100    0  436     0   436 1682  418 12  1 50 37  0  0
 1  3 881952 2808280   8296 363108    0  756     0   776 1749  447 11  2 43 44  0  0
 1  3 905152 2588028   8296 363116    0 23200     0 23200 5217 1479 11  3 50 36  0  0
 1  3 905784 2358548   8296 363120    0  632     0   632 1592  416 11  2 49 37  0  0
 1  4 906180 2774764   8296 363132    0  396     0   592 1592  502 11  2 38 49  0  0
 1  3 907140 2512320   8296 363136    0  960     0   988 1751  524 12  1 49 37  0  0
procs -----------memory---------- ---swap-- -----io---- -system-- -------cpu-------
 r  b   swpd   free   buff  cache   si   so    bi    bo   in   cs us sy id wa st gu
 1  3 908496 2888648   8304 363140    0 1356     0  1376 1880  465 12  1 47 40  0  0
 1  3 910448 2630372   8304 363144    0 1952     0  1952 3766 4066 15  2 47 37  0  0
 1  3 994196 2396852   8304 363148    0 83748     0 83748 14742 4508 12  5 50 33  0  0
 0  3 1072012 2982688   8304 363160    0 77816     0 77816 14448 4389  5  4 58 33  0  0
 0  3 1075076 2985368   8304 363164    0 3064     0  3064 1241  553  0  1 62 37  0  0
 0  3 1124768 2990228   8312 363168    0 49692     0 49716 9069 2818  0  3 62 35  0  0
 0  3 1136520 2995904   8316 363176    0 11752     4 11760 2837 1274  0  1 63 36  0  0
 0  3 1155680 2999088   8316 363188    0 19160     0 19160 3286 1261  0  2 63 35  0  0
