 r  b   swpd   free   buff  cache   si   so    bi    bo   in   cs us sy id wa st gu
 0  0 176912 4912344   6220 331220    0   27   142    58  330    0  0  0 100  0  0  0
 1  0 176912 4919824   6228 331356    0    0     0    60  482  340  0  0 99  0  0  0
 0  0 176912 4932160   6228 331384    0    0     0     0 1261  662  1  1 98  0  0  0
 1  1 176912 4947988   6360 331404    0    0   152     0 1256  693  1  1 97  1  0  0
 5  0 176912 4514152   6632 359752    0    0 11464     0 2204  886  7  7 78  9  0  0
 7  0 176912 3583356   6632 359760    0    0     0     0 4301  364 37 14 50  0  0  0
 5  0 176912 3062944   6640 359756    0    0     0    48 4337  357 38 13 49  0  0  0
 4  0 176912 3067288   6640 359768    0    0     0     0 4856  662 38 14 48  0  0  0
 4  0 176912 4023224   6640 359776    0    0     0     0 5165  805 40 12 48  0  0  0
 4  0 176912 3109684   6640 359780    0    0     0     0 4327  373 43  8 50  0  0  0
 4  0 176912 2910456   6640 359788    0    0     0     0 4381  469 42  8 50  0  0  0
 6  0 176912 3893920   6648 359800    0    0     0    16 5282 1787 42 11 48  0  0  0
 4  0 176912 3063032   6648 359812    0    0     0     0 5250 2380 44  8 48  0  0  0
 4  0 176912 2567764   6648 359820    0    0     0     0 4367  368 35 15 49  0  0  0
 4  0 176912 3821576   6648 359824    0    0     0     0 4358  432 39 12 49  0  0  0
 4  0 176912 3157836   6648 359832    0    0     0     0 4406  462 45  6 50  0  0  0
 4  0 176912 2953132   6656 359828    0    0     0    16 4332  341 43  8 50  0  0  0
 4  0 176912 3409232   6656 359840    0    0     0     0 4390  393 37 13 50  0  0  0
 4  0 176912 2829912   6656 359848    0    0     0     0 4361  320 45  6 49  0  0  0
 4  0 176912 2827644   6656 359852    0    0     0     0 4618  466 43  7 49  0  0  0
 4  0 176912 3886124   6656 359860    0    0     0     0 4545  504 41 10 49  0  0  0
 r  b   swpd   free   buff  cache   si   so    bi    bo   in   cs us sy id wa st gu
 4  0 176912 3404464   6664 359860    0    0     0    16 4380  352 43  8 49  0  0  0
 4  0 176912 3327748   6664 359872    0    0     0     0 4388  351 42  9 49  0  0  0
 4  0 176912 3811908   6664 359880    0    0     0     0 4345  359 41 10 50  0  0  0
 7  0 176912 3237928   6664 359884    0    0     0     0 4437  473 41 10 49  0  0  0
 4  0 176912 2962180   6664 359892    0    0     0     0 4408  433 42  8 49  0  0  0
 5  0 176912 3577996   6672 359888    0    0     0    16 5263 1890 44  8 47  0  0  0
 4  0 176912 3417120   6676 359896    0    0     4   540 5599 2768 45  7 48  0  0  0
 4  0 176912 3283696   6676 359908    0    0     0     0 4373  351 42  8 50  0  0  0
 4  0 176912 3628844   6676 359912    0    0     0     0 4396  368 41 10 50  0  0  0
 4  0 176912 3349032   6808 359920    0    0   128     0 4418  426 42  8 49  0  0  0
 4  0 242720 3350304   6816 359916    0 65744     0 65788 4638  426 40 11 49  0  0  0
 3  1 526348 3178528   6824 359948    0 283692     8 283896 5153  555 31 13 49  6  0  0
 3  1 541708 3164484   6824 359956    0 15360     0 15360 3652  412 30  9 50 12  0  0
 3  1 541708 3809736   6824 359960    0    0     0     0 3395  367 29  9 50 12  0  0
 4  1 541708 3159808   6824 359968    0    0     0     0 3478  475 32  6 50 12  0  0
 3  3 541708 3202140   6828 359968    0    0     0    36 3473  350 30  8 44 18  0  0
 3  2 574476 3149648   6832 359976    0 32768     0 32776 9576 1331 31  8 22 39  0  0
 3  1 589836 3886448   6832 359984    0 15360     0 15360 3795  536 31  8 50 12  0  0
 3  1 589836 3239708   6832 359988    0    0     0     0 3521  385 33  5 49 12  0  0
 3  2 623628 3261736   6840 359992    0 33792     0 33816 5694 3702 33  9 28 30  0  0
 3  2 624404 3310192   6840 360004    0  776     0   776 3365  454 28  6 50 17  0  0
 r  b   swpd   free   buff  cache   si   so    bi    bo   in   cs us sy id wa st gu
 3  2 624404 2874204   6840 360008    0    0     0     0 3010  733 22  5 49 24  0  0
 2  2 624404 2689384   6840 360020    0    0     0     0 2414  458 18  7 50 25  0  0
 2  2 624404 2890312   6840 360024    0    0     0     0 2376  360 19  7 50 25  0  0
 3  3 624636 2729888   6848 360028    0  232     0   248 2461  366 22  3 35 40  0  0
 3  3 624880 3040252   6848 360036    0  244     0   244 2469  350 20  5 50 25  0  0
 3  2 625832 2671632   6848 360040    0  952     0   952 2538  361 20  6 50 25  0  0
 2  2 637068 2834728   6848 360048    0 11236     0 11236 3382  632 21  5 50 24  0  0
 2  2 697404 3038512   6848 360052    0 60336     0 60336 7881 1915 21  7 50 22  0  0
 4  0 705184 2641928   7116 360028    0 7704   260  7720 3054  504 22  4 30 44  0  0
 4  2 746320 2796640   7116 360064    0 41212     0 41212 6729 1148 21  6 50 23  0  0
 2  2 747992 2971444   7116 360068    0 1672     0  1672 2651  428 21  5 50 25  0  0
 3  2 754368 2888628   7116 360076    0 6376     0  6376 3490  601 21  5 50 25  0  0
 2  2 755964 2750960   7116 360080    0 1596     0  1596 2656  425 21  5 49 25  0  0
 2  2 845872 2955184   7124 360088    0 89908     0 89924 13848 6005 23  9 46 22  0  0
 2  2 870116 2561492   7124 360092    0 24244     0 24244 4950  832 21  6 49 24  0  0
 1  3 871820 2757384   7124 360096    0 1704     0  1704 2698  439 20  5 49 25  0  0
 1  3 871952 2565932   7124 360104    0  132     0   132 1532  391 11  2 49 37  0  0
 1  3 872596 2359496   7124 360108    0  644     0   644 1543  367 10  3 50 37  0  0
 0  9 872600 2348440   7128 360108    0    4     0    16  510  378  1  0 24 75  0  0
 0  4 873288 2358784   7136 360124    0  688     4   936 1139  816  0  0 20 80  0  0
 0  4 873696 2364844   7136 360128    0  408     0   408  746  515  0  1 50 50  0  0
 r  b   swpd   free   buff  cache   si   so    bi    bo   in   cs us sy id wa st gu
 0  4 874208 2364276   7144 360136    0  512     0   552  865  372  0  0 47 53  0  0
 0  4 874848 2373736   7144 360144    0  640     0   640  812  401  0  1 50 50  0  0
 0  4 874976 2377376   7144 360152    0  128     0   128  808  380  0  0 50 50  0  0
 0  4 875100 2383048   7144 360160    0  124     0   124  657  371  0  0 50 50  0  0
 0  4 875356 2390376   7144 360164    0  256     0   260  644  461  0  1 50 50  0  0
 0  6 875356 2393420   7148 360168    0    0     0    12  442  333  0  0 45 54  0  0
 0  4 875612 2405612   7152 360176    0  256     0   260 2752 3443  1  1 35 63  0  0
 0  4 875744 2416944   7152 360180    0  132     0   132  647  388  0  0 50 50  0  0
 0  4 876000 2420460   7152 360188    0  256     0   256  636  473  0  0 50 50  0  0
 0  6 876628 2424588   7156 360192    0  628     0   640  794  377  0  1 42 57  0  0
 0  4 979644 2432696   7160 360200    0 103016     0 103020 20996 8025  0  6 48 46  0  0
 0  4 1011260 2444780   7160 360204    0 31616     0 31616 8247 2571  0  2 50 48  0  0
 0  4 1021944 2453176   7160 360208    0 10684     0 10684 3522 1146  0  1 49 49  0  0
 0  4 1022204 2464332   7160 360216    0  260     0   260  652  463  0  0 50 50  0  0
 0  4 1025496 2469496   7168 360220    0 3292     0  3308 1391  572  0  1 48 51  0  0
 0  4 1027288 2471316   7168 360228    0 1792     0  1792 1155  486  0  1 50 50  0  0
 0  4 1027868 2483000   7168 360232    0  580     0   580  633  362  0  1 50 50  0  0
 0  4 1028276 2486260   7168 360236    0  408     0   408  676  390  0  1 50 50  0  0
 0  4 1028404 2485028   7168 360244    0  128     0   128  566  389  0  0 50 50  0  0
 2  4 1028988 2491572   7176 360248    0  584     0   600 2517 3692  2  1 44 52  0  0
 1  4 1029248 2491624   7176 360260    0  260     0   260  865  703  0  0 50 50  0  0
 r  b   swpd   free   buff  cache   si   so    bi    bo   in   cs us sy id wa st gu
 0  4 1029372 2495220   7176 360264    0  124     0   124  696  361  0  0 50 50  0  0
 0  4 1032320 2498580   7176 360268    0 2948     0  2948 1202  644  0  1 50 50  0  0
 0  4 1055900 2497368   7176 360276    0 23580     0 23580 5268 2203  0  2 50 48  0  0
 2  3 1099740 2500148   7184 360284    0 43840     0 43856 8244 3293  0  4 50 46  0  0
 0  4 1103152 2505148   7184 360292    0 3412     0  3412 1189  614  0  1 71 28  0  0
 0  4 1103488 2503576   7184 360296    0  336     0   336  549  296  0  0 75 25  0  0
 1  4 1115808 2504536   7184 360300    0 12320     0 12320 3170 1235  0  1 51 47  0  0
 0  4 1126400 2506056   7188 360308    0 10592     4 10792 2353 1247  0  1 50 49  0  0
 0  4 1129168 2505028   7196 360312    0 2768     0  2804 1150  511  0  1 49 50  0  0
 2  3 686832 3026068   7196 360320    0 80700     0 80700 13655 5402  0  8 51 42  0  0
 0  3 616152 3141344   7196 360320    0 46284     0 46284 8740 2492  0  3 62 35  0  0
 0  4 177128 5033936   7196 360328    0  880     4   880 1422  622  0  6 59 35  0  0
 0  5 177128 5033480   7196 360340    0    0     0    16 1267  691  1  2 49 49  0  0
