---SNAPSHOT---
2026-04-27 01:19:47
nr_free_pages 1231185
nr_free_pages_blocks 723456
nr_zone_inactive_anon 124623
nr_zone_active_anon 474672
nr_zone_inactive_file 29282
nr_zone_active_file 31074
nr_zone_unevictable 0
nr_zone_write_pending 64
nr_mlock 0
nr_zspages 0
nr_free_cma 0
nr_unaccepted 0
numa_hit 177918410
numa_miss 0
numa_foreign 0
numa_interleave 2149
numa_local 177865597
numa_other 0
nr_inactive_anon 124623
nr_active_anon 474672
nr_inactive_file 29282
nr_active_file 31074
nr_unevictable 0
nr_slab_reclaimable 13825
nr_slab_unreclaimable 56990
nr_isolated_anon 0
nr_isolated_file 0
workingset_nodes 39
workingset_refault_anon 185861
workingset_refault_file 2379571
workingset_activate_anon 130264
workingset_activate_file 118145
workingset_restore_anon 9654
workingset_restore_file 39944
workingset_nodereclaim 79198
nr_anon_pages 578131
nr_mapped 58107
nr_file_pages 82553
nr_dirty 64
nr_writeback 0
nr_shmem 9703
nr_shmem_hugepages 0
nr_shmem_pmdmapped 0
nr_file_hugepages 0
nr_file_pmdmapped 0
nr_anon_transparent_hugepages 2
nr_vmscan_write 7196050
nr_vmscan_immediate_reclaim 25
nr_dirtied 16745343
nr_written 20625569
nr_throttled_written 0
nr_kernel_misc_reclaimable 0
nr_foll_pin_acquired 69538615
nr_foll_pin_released 69538615
nr_kernel_stack 18776
nr_page_table_pages 14527
nr_sec_page_table_pages 0
nr_iommu_pages 0
nr_swapcached 12532
pgpromote_success 0
pgpromote_candidate 0
pgdemote_kswapd 0
pgdemote_direct 0
pgdemote_khugepaged 0
pgdemote_proactive 0
nr_hugetlb 0
nr_balloon_pages 0
nr_dirty_threshold 236873
nr_dirty_background_threshold 118292
nr_memmap_pages 0
nr_memmap_boot_pages 32768
pgpgin 306715181
pgpgout 85419860
pswpin 329740
pswpout 4412711
pgalloc_dma 256
pgalloc_dma32 82770740
pgalloc_normal 177602772
pgalloc_movable 0
pgalloc_device 0
allocstall_dma 0
allocstall_dma32 0
allocstall_normal 3689
allocstall_movable 104527
allocstall_device 0
pgskip_dma 0
pgskip_dma32 36178
pgskip_normal 63260
pgskip_movable 0
pgskip_device 0
pgfree 265025360
pgactivate 1504885
pgdeactivate 3644062
pglazyfree 6692
pgfault 184226074
pgmajfault 374062
pglazyfreed 26
pgrefill 3128288
pgreuse 16494267
pgsteal_kswapd 5618570
pgsteal_direct 4180289
pgsteal_khugepaged 293
pgsteal_proactive 0
pgscan_kswapd 12768747
pgscan_direct 29779704
pgscan_khugepaged 478
pgscan_proactive 0
pgscan_direct_throttle 0
pgscan_anon 4443482
pgscan_file 38105447
pgsteal_anon 2296164
pgsteal_file 7502988
zone_reclaim_success 0
zone_reclaim_failed 0
pginodesteal 0
slabs_scanned 4267511
kswapd_inodesteal 6828
kswapd_low_wmark_hit_quickly 985
kswapd_high_wmark_hit_quickly 14608
pageoutrun 15688
pgrotated 3020172
drop_pagecache 38
drop_slab 38
oom_kill 1
numa_pte_updates 0
numa_huge_pte_updates 0
numa_hint_faults 0
numa_hint_faults_local 0
numa_pages_migrated 0
pgmigrate_success 3100829
pgmigrate_fail 66469
thp_migration_success 0
thp_migration_fail 0
thp_migration_split 0
compact_migrate_scanned 30360754
compact_free_scanned 36729747
compact_isolated 6343946
compact_stall 1142
compact_fail 394
compact_success 748
compact_daemon_wake 4892
compact_daemon_migrate_scanned 28226765
compact_daemon_free_scanned 34753909
htlb_buddy_alloc_success 0
htlb_buddy_alloc_fail 0
cma_alloc_success 0
cma_alloc_fail 0
unevictable_pgs_culled 30349
unevictable_pgs_scanned 0
unevictable_pgs_rescued 3445
unevictable_pgs_mlocked 3445
unevictable_pgs_munlocked 3444
unevictable_pgs_cleared 0
unevictable_pgs_stranded 1
thp_fault_alloc 35005
thp_fault_fallback 7415
thp_fault_fallback_charge 0
thp_collapse_alloc 16
thp_collapse_alloc_failed 2
thp_file_alloc 0
thp_file_fallback 0
thp_file_fallback_charge 0
thp_file_mapped 13487
thp_split_page 2273
thp_split_page_failed 0
thp_deferred_split_page 7
thp_underused_split_page 0
thp_split_pmd 2753
thp_scan_exceed_none_pte 149
thp_scan_exceed_swap_pte 4
thp_scan_exceed_share_pte 0
thp_split_pud 0
thp_zero_page_alloc 1
thp_zero_page_alloc_failed 0
thp_swpout 0
thp_swpout_fallback 2273
balloon_inflate 40931652
balloon_deflate 40931652
balloon_migrate 68353
swap_ra 201467
swap_ra_hit 146850
swpin_zero 278173
swpout_zero 2488305
ksm_swpin_copy 0
cow_ksm 0
zswpin 0
zswpout 0
zswpwb 0
direct_map_level2_splits 78
direct_map_level3_splits 2
direct_map_level2_collapses 0
direct_map_level3_collapses 0
nr_unstable 0
---SNAPSHOT---
2026-04-27 01:19:48
nr_free_pages 1231122
nr_free_pages_blocks 723456
nr_zone_inactive_anon 124623
nr_zone_active_anon 474598
nr_zone_inactive_file 29312
nr_zone_active_file 31112
nr_zone_unevictable 0
nr_zone_write_pending 71
nr_mlock 0
nr_zspages 0
nr_free_cma 0
nr_unaccepted 0
numa_hit 177919104
numa_miss 0
numa_foreign 0
numa_interleave 2149
numa_local 177866291
numa_other 0
nr_inactive_anon 124623
nr_active_anon 474598
nr_inactive_file 29312
nr_active_file 31112
nr_unevictable 0
nr_slab_reclaimable 13825
nr_slab_unreclaimable 56990
nr_isolated_anon 0
nr_isolated_file 0
workingset_nodes 39
workingset_refault_anon 185861
workingset_refault_file 2379571
workingset_activate_anon 130264
workingset_activate_file 118145
workingset_restore_anon 9654
workingset_restore_file 39944
workingset_nodereclaim 79198
nr_anon_pages 578113
nr_mapped 58114
nr_file_pages 82652
nr_dirty 71
nr_writeback 0
nr_shmem 9703
nr_shmem_hugepages 0
nr_shmem_pmdmapped 0
nr_file_hugepages 0
nr_file_pmdmapped 0
nr_anon_transparent_hugepages 2
nr_vmscan_write 7196050
nr_vmscan_immediate_reclaim 25
nr_dirtied 16745350
nr_written 20625569
nr_throttled_written 0
nr_kernel_misc_reclaimable 0
nr_foll_pin_acquired 69538615
nr_foll_pin_released 69538615
nr_kernel_stack 18784
nr_page_table_pages 14454
nr_sec_page_table_pages 0
nr_iommu_pages 0
nr_swapcached 12532
pgpromote_success 0
pgpromote_candidate 0
pgdemote_kswapd 0
pgdemote_direct 0
pgdemote_khugepaged 0
pgdemote_proactive 0
nr_hugetlb 0
nr_balloon_pages 0
nr_dirty_threshold 236874
nr_dirty_background_threshold 118292
nr_memmap_pages 0
nr_memmap_boot_pages 32768
pgpgin 306715201
pgpgout 85419860
pswpin 329740
pswpout 4412711
pgalloc_dma 256
pgalloc_dma32 82770740
pgalloc_normal 177603480
pgalloc_movable 0
pgalloc_device 0
allocstall_dma 0
allocstall_dma32 0
allocstall_normal 3689
allocstall_movable 104527
allocstall_device 0
pgskip_dma 0
pgskip_dma32 36178
pgskip_normal 63260
pgskip_movable 0
pgskip_device 0
pgfree 265026099
pgactivate 1504885
pgdeactivate 3644062
pglazyfree 6692
pgfault 184227373
pgmajfault 374062
pglazyfreed 26
pgrefill 3128288
pgreuse 16494670
pgsteal_kswapd 5618570
pgsteal_direct 4180289
pgsteal_khugepaged 293
pgsteal_proactive 0
pgscan_kswapd 12768747
pgscan_direct 29779704
pgscan_khugepaged 478
pgscan_proactive 0
pgscan_direct_throttle 0
pgscan_anon 4443482
pgscan_file 38105447
pgsteal_anon 2296164
pgsteal_file 7502988
zone_reclaim_success 0
zone_reclaim_failed 0
pginodesteal 0
slabs_scanned 4267511
kswapd_inodesteal 6828
kswapd_low_wmark_hit_quickly 985
kswapd_high_wmark_hit_quickly 14608
pageoutrun 15688
pgrotated 3020172
drop_pagecache 38
drop_slab 38
oom_kill 1
numa_pte_updates 0
numa_huge_pte_updates 0
numa_hint_faults 0
numa_hint_faults_local 0
numa_pages_migrated 0
pgmigrate_success 3100829
pgmigrate_fail 66469
thp_migration_success 0
thp_migration_fail 0
thp_migration_split 0
compact_migrate_scanned 30360754
compact_free_scanned 36729747
compact_isolated 6343946
compact_stall 1142
compact_fail 394
compact_success 748
compact_daemon_wake 4892
compact_daemon_migrate_scanned 28226765
compact_daemon_free_scanned 34753909
htlb_buddy_alloc_success 0
htlb_buddy_alloc_fail 0
cma_alloc_success 0
cma_alloc_fail 0
unevictable_pgs_culled 30349
unevictable_pgs_scanned 0
unevictable_pgs_rescued 3445
unevictable_pgs_mlocked 3445
unevictable_pgs_munlocked 3444
unevictable_pgs_cleared 0
unevictable_pgs_stranded 1
thp_fault_alloc 35005
thp_fault_fallback 7415
thp_fault_fallback_charge 0
thp_collapse_alloc 16
thp_collapse_alloc_failed 2
thp_file_alloc 0
thp_file_fallback 0
thp_file_fallback_charge 0
thp_file_mapped 13487
thp_split_page 2273
thp_split_page_failed 0
thp_deferred_split_page 7
thp_underused_split_page 0
thp_split_pmd 2753
thp_scan_exceed_none_pte 149
thp_scan_exceed_swap_pte 4
thp_scan_exceed_share_pte 0
thp_split_pud 0
thp_zero_page_alloc 1
thp_zero_page_alloc_failed 0
thp_swpout 0
thp_swpout_fallback 2273
balloon_inflate 40931652
balloon_deflate 40931652
balloon_migrate 68353
swap_ra 201467
swap_ra_hit 146850
swpin_zero 278173
swpout_zero 2488305
ksm_swpin_copy 0
cow_ksm 0
zswpin 0
zswpout 0
zswpwb 0
direct_map_level2_splits 78
direct_map_level3_splits 2
direct_map_level2_collapses 0
direct_map_level3_collapses 0
nr_unstable 0
---SNAPSHOT---
2026-04-27 01:19:49
nr_free_pages 1230779
nr_free_pages_blocks 723456
nr_zone_inactive_anon 124623
nr_zone_active_anon 474615
nr_zone_inactive_file 29312
nr_zone_active_file 31112
nr_zone_unevictable 0
nr_zone_write_pending 72
nr_mlock 0
nr_zspages 0
nr_free_cma 0
nr_unaccepted 0
numa_hit 177919986
numa_miss 0
numa_foreign 0
numa_interleave 2149
numa_local 177867173
numa_other 0
nr_inactive_anon 124623
nr_active_anon 474615
nr_inactive_file 29312
nr_active_file 31112
nr_unevictable 0
nr_slab_reclaimable 13825
nr_slab_unreclaimable 56990
nr_isolated_anon 0
nr_isolated_file 0
workingset_nodes 39
workingset_refault_anon 185861
workingset_refault_file 2379571
workingset_activate_anon 130264
workingset_activate_file 118145
workingset_restore_anon 9654
workingset_restore_file 39944
workingset_nodereclaim 79198
nr_anon_pages 578165
nr_mapped 58120
nr_file_pages 82653
nr_dirty 72
nr_writeback 0
nr_shmem 9703
nr_shmem_hugepages 0
nr_shmem_pmdmapped 0
nr_file_hugepages 0
nr_file_pmdmapped 0
nr_anon_transparent_hugepages 2
nr_vmscan_write 7196050
nr_vmscan_immediate_reclaim 25
nr_dirtied 16745351
nr_written 20625569
nr_throttled_written 0
nr_kernel_misc_reclaimable 0
nr_foll_pin_acquired 69538615
nr_foll_pin_released 69538615
nr_kernel_stack 18784
nr_page_table_pages 14570
nr_sec_page_table_pages 0
nr_iommu_pages 0
nr_swapcached 12532
pgpromote_success 0
pgpromote_candidate 0
pgdemote_kswapd 0
pgdemote_direct 0
pgdemote_khugepaged 0
pgdemote_proactive 0
nr_hugetlb 0
nr_balloon_pages 0
nr_dirty_threshold 236805
nr_dirty_background_threshold 118258
nr_memmap_pages 0
nr_memmap_boot_pages 32768
pgpgin 306715201
pgpgout 85419932
pswpin 329740
pswpout 4412711
pgalloc_dma 256
pgalloc_dma32 82770740
pgalloc_normal 177604387
pgalloc_movable 0
pgalloc_device 0
allocstall_dma 0
allocstall_dma32 0
allocstall_normal 3689
allocstall_movable 104527
allocstall_device 0
pgskip_dma 0
pgskip_dma32 36178
pgskip_normal 63260
pgskip_movable 0
pgskip_device 0
pgfree 265027036
pgactivate 1504885
pgdeactivate 3644062
pglazyfree 6692
pgfault 184228659
pgmajfault 374062
pglazyfreed 26
pgrefill 3128288
pgreuse 16494842
pgsteal_kswapd 5618570
pgsteal_direct 4180289
pgsteal_khugepaged 293
pgsteal_proactive 0
pgscan_kswapd 12768747
pgscan_direct 29779704
pgscan_khugepaged 478
pgscan_proactive 0
pgscan_direct_throttle 0
pgscan_anon 4443482
pgscan_file 38105447
pgsteal_anon 2296164
pgsteal_file 7502988
zone_reclaim_success 0
zone_reclaim_failed 0
pginodesteal 0
slabs_scanned 4267511
kswapd_inodesteal 6828
kswapd_low_wmark_hit_quickly 985
kswapd_high_wmark_hit_quickly 14608
pageoutrun 15688
pgrotated 3020172
drop_pagecache 38
drop_slab 38
oom_kill 1
numa_pte_updates 0
numa_huge_pte_updates 0
numa_hint_faults 0
numa_hint_faults_local 0
numa_pages_migrated 0
pgmigrate_success 3100829
pgmigrate_fail 66469
thp_migration_success 0
thp_migration_fail 0
thp_migration_split 0
compact_migrate_scanned 30360754
compact_free_scanned 36729747
compact_isolated 6343946
compact_stall 1142
compact_fail 394
compact_success 748
compact_daemon_wake 4892
compact_daemon_migrate_scanned 28226765
compact_daemon_free_scanned 34753909
htlb_buddy_alloc_success 0
htlb_buddy_alloc_fail 0
cma_alloc_success 0
cma_alloc_fail 0
unevictable_pgs_culled 30349
unevictable_pgs_scanned 0
unevictable_pgs_rescued 3445
unevictable_pgs_mlocked 3445
unevictable_pgs_munlocked 3444
unevictable_pgs_cleared 0
unevictable_pgs_stranded 1
thp_fault_alloc 35005
thp_fault_fallback 7415
thp_fault_fallback_charge 0
thp_collapse_alloc 16
thp_collapse_alloc_failed 2
thp_file_alloc 0
thp_file_fallback 0
thp_file_fallback_charge 0
thp_file_mapped 13487
thp_split_page 2273
thp_split_page_failed 0
thp_deferred_split_page 7
thp_underused_split_page 0
thp_split_pmd 2753
thp_scan_exceed_none_pte 149
thp_scan_exceed_swap_pte 4
thp_scan_exceed_share_pte 0
thp_split_pud 0
thp_zero_page_alloc 1
thp_zero_page_alloc_failed 0
thp_swpout 0
thp_swpout_fallback 2273
balloon_inflate 40931652
balloon_deflate 40931652
balloon_migrate 68353
swap_ra 201467
swap_ra_hit 146850
swpin_zero 278173
swpout_zero 2488305
ksm_swpin_copy 0
cow_ksm 0
zswpin 0
zswpout 0
zswpwb 0
direct_map_level2_splits 78
direct_map_level3_splits 2
direct_map_level2_collapses 0
direct_map_level3_collapses 0
nr_unstable 0
---SNAPSHOT---
2026-04-27 01:19:50
nr_free_pages 1230107
nr_free_pages_blocks 723456
nr_zone_inactive_anon 124623
nr_zone_active_anon 475091
nr_zone_inactive_file 29495
nr_zone_active_file 31397
nr_zone_unevictable 0
nr_zone_write_pending 90
nr_mlock 0
nr_zspages 0
nr_free_cma 0
nr_unaccepted 0
numa_hit 177926027
numa_miss 0
numa_foreign 0
numa_interleave 2149
numa_local 177873214
numa_other 0
nr_inactive_anon 124623
nr_active_anon 475091
nr_inactive_file 29495
nr_active_file 31397
nr_unevictable 0
nr_slab_reclaimable 13825
nr_slab_unreclaimable 56990
nr_isolated_anon 0
nr_isolated_file 0
workingset_nodes 39
workingset_refault_anon 185861
workingset_refault_file 2379571
workingset_activate_anon 130264
workingset_activate_file 118145
workingset_restore_anon 9654
workingset_restore_file 39944
workingset_nodereclaim 79198
nr_anon_pages 578610
nr_mapped 58399
nr_file_pages 83170
nr_dirty 90
nr_writeback 0
nr_shmem 9703
nr_shmem_hugepages 0
nr_shmem_pmdmapped 0
nr_file_hugepages 0
nr_file_pmdmapped 0
nr_anon_transparent_hugepages 2
nr_vmscan_write 7196050
nr_vmscan_immediate_reclaim 25
nr_dirtied 16745369
nr_written 20625569
nr_throttled_written 0
nr_kernel_misc_reclaimable 0
nr_foll_pin_acquired 69538615
nr_foll_pin_released 69538615
nr_kernel_stack 18848
nr_page_table_pages 14568
nr_sec_page_table_pages 0
nr_iommu_pages 0
nr_swapcached 12532
pgpromote_success 0
pgpromote_candidate 0
pgdemote_kswapd 0
pgdemote_direct 0
pgdemote_khugepaged 0
pgdemote_proactive 0
nr_hugetlb 0
nr_balloon_pages 0
nr_dirty_threshold 236764
nr_dirty_background_threshold 118237
nr_memmap_pages 0
nr_memmap_boot_pages 32768
pgpgin 306717309
pgpgout 85419932
pswpin 329740
pswpout 4412711
pgalloc_dma 256
pgalloc_dma32 82770740
pgalloc_normal 177610518
pgalloc_movable 0
pgalloc_device 0
allocstall_dma 0
allocstall_dma32 0
allocstall_normal 3689
allocstall_movable 104527
allocstall_device 0
pgskip_dma 0
pgskip_dma32 36178
pgskip_normal 63260
pgskip_movable 0
pgskip_device 0
pgfree 265032046
pgactivate 1504885
pgdeactivate 3644062
pglazyfree 6692
pgfault 184237976
pgmajfault 374090
pglazyfreed 26
pgrefill 3128288
pgreuse 16498505
pgsteal_kswapd 5618570
pgsteal_direct 4180289
pgsteal_khugepaged 293
pgsteal_proactive 0
pgscan_kswapd 12768747
pgscan_direct 29779704
pgscan_khugepaged 478
pgscan_proactive 0
pgscan_direct_throttle 0
pgscan_anon 4443482
pgscan_file 38105447
pgsteal_anon 2296164
pgsteal_file 7502988
zone_reclaim_success 0
zone_reclaim_failed 0
pginodesteal 0
slabs_scanned 4267511
kswapd_inodesteal 6828
kswapd_low_wmark_hit_quickly 985
kswapd_high_wmark_hit_quickly 14608
pageoutrun 15688
pgrotated 3020172
drop_pagecache 38
drop_slab 38
oom_kill 1
numa_pte_updates 0
numa_huge_pte_updates 0
numa_hint_faults 0
numa_hint_faults_local 0
numa_pages_migrated 0
pgmigrate_success 3100829
pgmigrate_fail 66469
thp_migration_success 0
thp_migration_fail 0
thp_migration_split 0
compact_migrate_scanned 30360754
compact_free_scanned 36729747
compact_isolated 6343946
compact_stall 1142
compact_fail 394
compact_success 748
compact_daemon_wake 4892
compact_daemon_migrate_scanned 28226765
compact_daemon_free_scanned 34753909
htlb_buddy_alloc_success 0
htlb_buddy_alloc_fail 0
cma_alloc_success 0
cma_alloc_fail 0
unevictable_pgs_culled 30349
unevictable_pgs_scanned 0
unevictable_pgs_rescued 3445
unevictable_pgs_mlocked 3445
unevictable_pgs_munlocked 3444
unevictable_pgs_cleared 0
unevictable_pgs_stranded 1
thp_fault_alloc 35005
thp_fault_fallback 7415
thp_fault_fallback_charge 0
thp_collapse_alloc 16
thp_collapse_alloc_failed 2
thp_file_alloc 0
thp_file_fallback 0
thp_file_fallback_charge 0
thp_file_mapped 13487
thp_split_page 2273
thp_split_page_failed 0
thp_deferred_split_page 7
thp_underused_split_page 0
thp_split_pmd 2753
thp_scan_exceed_none_pte 149
thp_scan_exceed_swap_pte 4
thp_scan_exceed_share_pte 0
thp_split_pud 0
thp_zero_page_alloc 1
thp_zero_page_alloc_failed 0
thp_swpout 0
thp_swpout_fallback 2273
balloon_inflate 40931652
balloon_deflate 40931652
balloon_migrate 68353
swap_ra 201467
swap_ra_hit 146850
swpin_zero 278173
swpout_zero 2488305
ksm_swpin_copy 0
cow_ksm 0
zswpin 0
zswpout 0
zswpwb 0
direct_map_level2_splits 78
direct_map_level3_splits 2
direct_map_level2_collapses 0
direct_map_level3_collapses 0
nr_unstable 0
