---SNAPSHOT---
2026-04-27 01:19:22
nr_free_pages 1234625
nr_free_pages_blocks 717312
nr_zone_inactive_anon 124623
nr_zone_active_anon 474683
nr_zone_inactive_file 29284
nr_zone_active_file 30571
nr_zone_unevictable 0
nr_zone_write_pending 124
nr_mlock 0
nr_zspages 0
nr_free_cma 0
nr_unaccepted 0
numa_hit 177855157
numa_miss 0
numa_foreign 0
numa_interleave 2149
numa_local 177802344
numa_other 0
nr_inactive_anon 124623
nr_active_anon 474683
nr_inactive_file 29284
nr_active_file 30571
nr_unevictable 0
nr_slab_reclaimable 14250
nr_slab_unreclaimable 56990
nr_isolated_anon 0
nr_isolated_file 0
workingset_nodes 45
workingset_refault_anon 185861
workingset_refault_file 2379571
workingset_activate_anon 130264
workingset_activate_file 118145
workingset_restore_anon 9654
workingset_restore_file 39944
workingset_nodereclaim 79192
nr_anon_pages 578180
nr_mapped 58112
nr_file_pages 82098
nr_dirty 124
nr_writeback 0
nr_shmem 9703
nr_shmem_hugepages 0
nr_shmem_pmdmapped 0
nr_file_hugepages 0
nr_file_pmdmapped 0
nr_anon_transparent_hugepages 2
nr_vmscan_write 7196050
nr_vmscan_immediate_reclaim 25
nr_dirtied 16745155
nr_written 20625321
nr_throttled_written 0
nr_kernel_misc_reclaimable 0
nr_foll_pin_acquired 69538615
nr_foll_pin_released 69538615
nr_kernel_stack 18800
nr_page_table_pages 14466
nr_sec_page_table_pages 0
nr_iommu_pages 0
nr_swapcached 12532
pgpromote_success 0
pgpromote_candidate 0
pgdemote_kswapd 0
pgdemote_direct 0
pgdemote_khugepaged 0
pgdemote_proactive 0
nr_hugetlb 0
nr_balloon_pages 0
nr_dirty_threshold 63628
nr_dirty_background_threshold 25264
nr_memmap_pages 0
nr_memmap_boot_pages 32768
pgpgin 306626857
pgpgout 85418668
pswpin 329740
pswpout 4412711
pgalloc_dma 256
pgalloc_dma32 82770740
pgalloc_normal 177536681
pgalloc_movable 0
pgalloc_device 0
allocstall_dma 0
allocstall_dma32 0
allocstall_normal 3689
allocstall_movable 104527
allocstall_device 0
pgskip_dma 0
pgskip_dma32 36178
pgskip_normal 63260
pgskip_movable 0
pgskip_device 0
pgfree 264959396
pgactivate 1504885
pgdeactivate 3638508
pglazyfree 6692
pgfault 184163435
pgmajfault 373796
pglazyfreed 26
pgrefill 3128288
pgreuse 16478071
pgsteal_kswapd 5618570
pgsteal_direct 4180289
pgsteal_khugepaged 293
pgsteal_proactive 0
pgscan_kswapd 12768747
pgscan_direct 29779704
pgscan_khugepaged 478
pgscan_proactive 0
pgscan_direct_throttle 0
pgscan_anon 4443482
pgscan_file 38105447
pgsteal_anon 2296164
pgsteal_file 7502988
zone_reclaim_success 0
zone_reclaim_failed 0
pginodesteal 0
slabs_scanned 4250710
kswapd_inodesteal 6828
kswapd_low_wmark_hit_quickly 985
kswapd_high_wmark_hit_quickly 14608
pageoutrun 15688
pgrotated 3020171
drop_pagecache 37
drop_slab 37
oom_kill 1
numa_pte_updates 0
numa_huge_pte_updates 0
numa_hint_faults 0
numa_hint_faults_local 0
numa_pages_migrated 0
pgmigrate_success 3100829
pgmigrate_fail 66469
thp_migration_success 0
thp_migration_fail 0
thp_migration_split 0
compact_migrate_scanned 30360754
compact_free_scanned 36729747
compact_isolated 6343946
compact_stall 1142
compact_fail 394
compact_success 748
compact_daemon_wake 4892
compact_daemon_migrate_scanned 28226765
compact_daemon_free_scanned 34753909
htlb_buddy_alloc_success 0
htlb_buddy_alloc_fail 0
cma_alloc_success 0
cma_alloc_fail 0
unevictable_pgs_culled 30349
unevictable_pgs_scanned 0
unevictable_pgs_rescued 3445
unevictable_pgs_mlocked 3445
unevictable_pgs_munlocked 3444
unevictable_pgs_cleared 0
unevictable_pgs_stranded 1
thp_fault_alloc 35005
thp_fault_fallback 7415
thp_fault_fallback_charge 0
thp_collapse_alloc 16
thp_collapse_alloc_failed 2
thp_file_alloc 0
thp_file_fallback 0
thp_file_fallback_charge 0
thp_file_mapped 13487
thp_split_page 2273
thp_split_page_failed 0
thp_deferred_split_page 7
thp_underused_split_page 0
thp_split_pmd 2753
thp_scan_exceed_none_pte 149
thp_scan_exceed_swap_pte 4
thp_scan_exceed_share_pte 0
thp_split_pud 0
thp_zero_page_alloc 1
thp_zero_page_alloc_failed 0
thp_swpout 0
thp_swpout_fallback 2273
balloon_inflate 40931652
balloon_deflate 40931652
balloon_migrate 68353
swap_ra 201467
swap_ra_hit 146850
swpin_zero 278173
swpout_zero 2488305
ksm_swpin_copy 0
cow_ksm 0
zswpin 0
zswpout 0
zswpwb 0
direct_map_level2_splits 78
direct_map_level3_splits 2
direct_map_level2_collapses 0
direct_map_level3_collapses 0
nr_unstable 0
---SNAPSHOT---
2026-04-27 01:19:23
nr_free_pages 1234894
nr_free_pages_blocks 717312
nr_zone_inactive_anon 124623
nr_zone_active_anon 474602
nr_zone_inactive_file 29287
nr_zone_active_file 30591
nr_zone_unevictable 0
nr_zone_write_pending 126
nr_mlock 0
nr_zspages 0
nr_free_cma 0
nr_unaccepted 0
numa_hit 177856505
numa_miss 0
numa_foreign 0
numa_interleave 2149
numa_local 177803692
numa_other 0
nr_inactive_anon 124623
nr_active_anon 474602
nr_inactive_file 29287
nr_active_file 30591
nr_unevictable 0
nr_slab_reclaimable 14250
nr_slab_unreclaimable 56990
nr_isolated_anon 0
nr_isolated_file 0
workingset_nodes 45
workingset_refault_anon 185861
workingset_refault_file 2379571
workingset_activate_anon 130264
workingset_activate_file 118145
workingset_restore_anon 9654
workingset_restore_file 39944
workingset_nodereclaim 79192
nr_anon_pages 578149
nr_mapped 58109
nr_file_pages 82100
nr_dirty 126
nr_writeback 0
nr_shmem 9703
nr_shmem_hugepages 0
nr_shmem_pmdmapped 0
nr_file_hugepages 0
nr_file_pmdmapped 0
nr_anon_transparent_hugepages 2
nr_vmscan_write 7196050
nr_vmscan_immediate_reclaim 25
nr_dirtied 16745157
nr_written 20625321
nr_throttled_written 0
nr_kernel_misc_reclaimable 0
nr_foll_pin_acquired 69538615
nr_foll_pin_released 69538615
nr_kernel_stack 18752
nr_page_table_pages 14456
nr_sec_page_table_pages 0
nr_iommu_pages 0
nr_swapcached 12532
pgpromote_success 0
pgpromote_candidate 0
pgdemote_kswapd 0
pgdemote_direct 0
pgdemote_khugepaged 0
pgdemote_proactive 0
nr_hugetlb 0
nr_balloon_pages 0
nr_dirty_threshold 63643
nr_dirty_background_threshold 25270
nr_memmap_pages 0
nr_memmap_boot_pages 32768
pgpgin 306626857
pgpgout 85418668
pswpin 329740
pswpout 4412711
pgalloc_dma 256
pgalloc_dma32 82770740
pgalloc_normal 177538064
pgalloc_movable 0
pgalloc_device 0
allocstall_dma 0
allocstall_dma32 0
allocstall_normal 3689
allocstall_movable 104527
allocstall_device 0
pgskip_dma 0
pgskip_dma32 36178
pgskip_normal 63260
pgskip_movable 0
pgskip_device 0
pgfree 264960772
pgactivate 1504885
pgdeactivate 3638508
pglazyfree 6692
pgfault 184165573
pgmajfault 373796
pglazyfreed 26
pgrefill 3128288
pgreuse 16478464
pgsteal_kswapd 5618570
pgsteal_direct 4180289
pgsteal_khugepaged 293
pgsteal_proactive 0
pgscan_kswapd 12768747
pgscan_direct 29779704
pgscan_khugepaged 478
pgscan_proactive 0
pgscan_direct_throttle 0
pgscan_anon 4443482
pgscan_file 38105447
pgsteal_anon 2296164
pgsteal_file 7502988
zone_reclaim_success 0
zone_reclaim_failed 0
pginodesteal 0
slabs_scanned 4250710
kswapd_inodesteal 6828
kswapd_low_wmark_hit_quickly 985
kswapd_high_wmark_hit_quickly 14608
pageoutrun 15688
pgrotated 3020171
drop_pagecache 37
drop_slab 37
oom_kill 1
numa_pte_updates 0
numa_huge_pte_updates 0
numa_hint_faults 0
numa_hint_faults_local 0
numa_pages_migrated 0
pgmigrate_success 3100829
pgmigrate_fail 66469
thp_migration_success 0
thp_migration_fail 0
thp_migration_split 0
compact_migrate_scanned 30360754
compact_free_scanned 36729747
compact_isolated 6343946
compact_stall 1142
compact_fail 394
compact_success 748
compact_daemon_wake 4892
compact_daemon_migrate_scanned 28226765
compact_daemon_free_scanned 34753909
htlb_buddy_alloc_success 0
htlb_buddy_alloc_fail 0
cma_alloc_success 0
cma_alloc_fail 0
unevictable_pgs_culled 30349
unevictable_pgs_scanned 0
unevictable_pgs_rescued 3445
unevictable_pgs_mlocked 3445
unevictable_pgs_munlocked 3444
unevictable_pgs_cleared 0
unevictable_pgs_stranded 1
thp_fault_alloc 35005
thp_fault_fallback 7415
thp_fault_fallback_charge 0
thp_collapse_alloc 16
thp_collapse_alloc_failed 2
thp_file_alloc 0
thp_file_fallback 0
thp_file_fallback_charge 0
thp_file_mapped 13487
thp_split_page 2273
thp_split_page_failed 0
thp_deferred_split_page 7
thp_underused_split_page 0
thp_split_pmd 2753
thp_scan_exceed_none_pte 149
thp_scan_exceed_swap_pte 4
thp_scan_exceed_share_pte 0
thp_split_pud 0
thp_zero_page_alloc 1
thp_zero_page_alloc_failed 0
thp_swpout 0
thp_swpout_fallback 2273
balloon_inflate 40931652
balloon_deflate 40931652
balloon_migrate 68353
swap_ra 201467
swap_ra_hit 146850
swpin_zero 278173
swpout_zero 2488305
ksm_swpin_copy 0
cow_ksm 0
zswpin 0
zswpout 0
zswpwb 0
direct_map_level2_splits 78
direct_map_level3_splits 2
direct_map_level2_collapses 0
direct_map_level3_collapses 0
nr_unstable 0
---SNAPSHOT---
2026-04-27 01:19:24
nr_free_pages 1235125
nr_free_pages_blocks 717312
nr_zone_inactive_anon 124623
nr_zone_active_anon 474579
nr_zone_inactive_file 29289
nr_zone_active_file 30591
nr_zone_unevictable 0
nr_zone_write_pending 127
nr_mlock 0
nr_zspages 0
nr_free_cma 0
nr_unaccepted 0
numa_hit 177857480
numa_miss 0
numa_foreign 0
numa_interleave 2149
numa_local 177804667
numa_other 0
nr_inactive_anon 124623
nr_active_anon 474579
nr_inactive_file 29289
nr_active_file 30591
nr_unevictable 0
nr_slab_reclaimable 14250
nr_slab_unreclaimable 56990
nr_isolated_anon 0
nr_isolated_file 0
workingset_nodes 45
workingset_refault_anon 185861
workingset_refault_file 2379571
workingset_activate_anon 130264
workingset_activate_file 118145
workingset_restore_anon 9654
workingset_restore_file 39944
workingset_nodereclaim 79192
nr_anon_pages 578082
nr_mapped 58109
nr_file_pages 82101
nr_dirty 127
nr_writeback 0
nr_shmem 9703
nr_shmem_hugepages 0
nr_shmem_pmdmapped 0
nr_file_hugepages 0
nr_file_pmdmapped 0
nr_anon_transparent_hugepages 2
nr_vmscan_write 7196050
nr_vmscan_immediate_reclaim 25
nr_dirtied 16745158
nr_written 20625321
nr_throttled_written 0
nr_kernel_misc_reclaimable 0
nr_foll_pin_acquired 69538615
nr_foll_pin_released 69538615
nr_kernel_stack 18768
nr_page_table_pages 14469
nr_sec_page_table_pages 0
nr_iommu_pages 0
nr_swapcached 12532
pgpromote_success 0
pgpromote_candidate 0
pgdemote_kswapd 0
pgdemote_direct 0
pgdemote_khugepaged 0
pgdemote_proactive 0
nr_hugetlb 0
nr_balloon_pages 0
nr_dirty_threshold 63655
nr_dirty_background_threshold 25274
nr_memmap_pages 0
nr_memmap_boot_pages 32768
pgpgin 306626857
pgpgout 85418668
pswpin 329740
pswpout 4412711
pgalloc_dma 256
pgalloc_dma32 82770740
pgalloc_normal 177539059
pgalloc_movable 0
pgalloc_device 0
allocstall_dma 0
allocstall_dma32 0
allocstall_normal 3689
allocstall_movable 104527
allocstall_device 0
pgskip_dma 0
pgskip_dma32 36178
pgskip_normal 63260
pgskip_movable 0
pgskip_device 0
pgfree 264961690
pgactivate 1504885
pgdeactivate 3638508
pglazyfree 6692
pgfault 184167009
pgmajfault 373796
pglazyfreed 26
pgrefill 3128288
pgreuse 16478647
pgsteal_kswapd 5618570
pgsteal_direct 4180289
pgsteal_khugepaged 293
pgsteal_proactive 0
pgscan_kswapd 12768747
pgscan_direct 29779704
pgscan_khugepaged 478
pgscan_proactive 0
pgscan_direct_throttle 0
pgscan_anon 4443482
pgscan_file 38105447
pgsteal_anon 2296164
pgsteal_file 7502988
zone_reclaim_success 0
zone_reclaim_failed 0
pginodesteal 0
slabs_scanned 4250710
kswapd_inodesteal 6828
kswapd_low_wmark_hit_quickly 985
kswapd_high_wmark_hit_quickly 14608
pageoutrun 15688
pgrotated 3020171
drop_pagecache 37
drop_slab 37
oom_kill 1
numa_pte_updates 0
numa_huge_pte_updates 0
numa_hint_faults 0
numa_hint_faults_local 0
numa_pages_migrated 0
pgmigrate_success 3100829
pgmigrate_fail 66469
thp_migration_success 0
thp_migration_fail 0
thp_migration_split 0
compact_migrate_scanned 30360754
compact_free_scanned 36729747
compact_isolated 6343946
compact_stall 1142
compact_fail 394
compact_success 748
compact_daemon_wake 4892
compact_daemon_migrate_scanned 28226765
compact_daemon_free_scanned 34753909
htlb_buddy_alloc_success 0
htlb_buddy_alloc_fail 0
cma_alloc_success 0
cma_alloc_fail 0
unevictable_pgs_culled 30349
unevictable_pgs_scanned 0
unevictable_pgs_rescued 3445
unevictable_pgs_mlocked 3445
unevictable_pgs_munlocked 3444
unevictable_pgs_cleared 0
unevictable_pgs_stranded 1
thp_fault_alloc 35005
thp_fault_fallback 7415
thp_fault_fallback_charge 0
thp_collapse_alloc 16
thp_collapse_alloc_failed 2
thp_file_alloc 0
thp_file_fallback 0
thp_file_fallback_charge 0
thp_file_mapped 13487
thp_split_page 2273
thp_split_page_failed 0
thp_deferred_split_page 7
thp_underused_split_page 0
thp_split_pmd 2753
thp_scan_exceed_none_pte 149
thp_scan_exceed_swap_pte 4
thp_scan_exceed_share_pte 0
thp_split_pud 0
thp_zero_page_alloc 1
thp_zero_page_alloc_failed 0
thp_swpout 0
thp_swpout_fallback 2273
balloon_inflate 40931652
balloon_deflate 40931652
balloon_migrate 68353
swap_ra 201467
swap_ra_hit 146850
swpin_zero 278173
swpout_zero 2488305
ksm_swpin_copy 0
cow_ksm 0
zswpin 0
zswpout 0
zswpwb 0
direct_map_level2_splits 78
direct_map_level3_splits 2
direct_map_level2_collapses 0
direct_map_level3_collapses 0
nr_unstable 0
---SNAPSHOT---
2026-04-27 01:19:25
nr_free_pages 1235232
nr_free_pages_blocks 717312
nr_zone_inactive_anon 124623
nr_zone_active_anon 475012
nr_zone_inactive_file 29329
nr_zone_active_file 30596
nr_zone_unevictable 0
nr_zone_write_pending 147
nr_mlock 0
nr_zspages 0
nr_free_cma 0
nr_unaccepted 0
numa_hit 177859215
numa_miss 0
numa_foreign 0
numa_interleave 2149
numa_local 177806402
numa_other 0
nr_inactive_anon 124623
nr_active_anon 475012
nr_inactive_file 29329
nr_active_file 30596
nr_unevictable 0
nr_slab_reclaimable 14250
nr_slab_unreclaimable 56990
nr_isolated_anon 0
nr_isolated_file 0
workingset_nodes 45
workingset_refault_anon 185861
workingset_refault_file 2379571
workingset_activate_anon 130264
workingset_activate_file 118145
workingset_restore_anon 9654
workingset_restore_file 39944
workingset_nodereclaim 79192
nr_anon_pages 578551
nr_mapped 58398
nr_file_pages 82156
nr_dirty 147
nr_writeback 0
nr_shmem 9703
nr_shmem_hugepages 0
nr_shmem_pmdmapped 0
nr_file_hugepages 0
nr_file_pmdmapped 0
nr_anon_transparent_hugepages 2
nr_vmscan_write 7196050
nr_vmscan_immediate_reclaim 25
nr_dirtied 16745178
nr_written 20625321
nr_throttled_written 0
nr_kernel_misc_reclaimable 0
nr_foll_pin_acquired 69538615
nr_foll_pin_released 69538615
nr_kernel_stack 18816
nr_page_table_pages 14569
nr_sec_page_table_pages 0
nr_iommu_pages 0
nr_swapcached 12532
pgpromote_success 0
pgpromote_candidate 0
pgdemote_kswapd 0
pgdemote_direct 0
pgdemote_khugepaged 0
pgdemote_proactive 0
nr_hugetlb 0
nr_balloon_pages 0
nr_dirty_threshold 63662
nr_dirty_background_threshold 25277
nr_memmap_pages 0
nr_memmap_boot_pages 32768
pgpgin 306627061
pgpgout 85418748
pswpin 329740
pswpout 4412711
pgalloc_dma 256
pgalloc_dma32 82770740
pgalloc_normal 177540835
pgalloc_movable 0
pgalloc_device 0
allocstall_dma 0
allocstall_dma32 0
allocstall_normal 3689
allocstall_movable 104527
allocstall_device 0
pgskip_dma 0
pgskip_dma32 36178
pgskip_normal 63260
pgskip_movable 0
pgskip_device 0
pgfree 264962946
pgactivate 1504885
pgdeactivate 3638508
pglazyfree 6692
pgfault 184169483
pgmajfault 373797
pglazyfreed 26
pgrefill 3128288
pgreuse 16478895
pgsteal_kswapd 5618570
pgsteal_direct 4180289
pgsteal_khugepaged 293
pgsteal_proactive 0
pgscan_kswapd 12768747
pgscan_direct 29779704
pgscan_khugepaged 478
pgscan_proactive 0
pgscan_direct_throttle 0
pgscan_anon 4443482
pgscan_file 38105447
pgsteal_anon 2296164
pgsteal_file 7502988
zone_reclaim_success 0
zone_reclaim_failed 0
pginodesteal 0
slabs_scanned 4250710
kswapd_inodesteal 6828
kswapd_low_wmark_hit_quickly 985
kswapd_high_wmark_hit_quickly 14608
pageoutrun 15688
pgrotated 3020171
drop_pagecache 37
drop_slab 37
oom_kill 1
numa_pte_updates 0
numa_huge_pte_updates 0
numa_hint_faults 0
numa_hint_faults_local 0
numa_pages_migrated 0
pgmigrate_success 3100829
pgmigrate_fail 66469
thp_migration_success 0
thp_migration_fail 0
thp_migration_split 0
compact_migrate_scanned 30360754
compact_free_scanned 36729747
compact_isolated 6343946
compact_stall 1142
compact_fail 394
compact_success 748
compact_daemon_wake 4892
compact_daemon_migrate_scanned 28226765
compact_daemon_free_scanned 34753909
htlb_buddy_alloc_success 0
htlb_buddy_alloc_fail 0
cma_alloc_success 0
cma_alloc_fail 0
unevictable_pgs_culled 30349
unevictable_pgs_scanned 0
unevictable_pgs_rescued 3445
unevictable_pgs_mlocked 3445
unevictable_pgs_munlocked 3444
unevictable_pgs_cleared 0
unevictable_pgs_stranded 1
thp_fault_alloc 35005
thp_fault_fallback 7415
thp_fault_fallback_charge 0
thp_collapse_alloc 16
thp_collapse_alloc_failed 2
thp_file_alloc 0
thp_file_fallback 0
thp_file_fallback_charge 0
thp_file_mapped 13487
thp_split_page 2273
thp_split_page_failed 0
thp_deferred_split_page 7
thp_underused_split_page 0
thp_split_pmd 2753
thp_scan_exceed_none_pte 149
thp_scan_exceed_swap_pte 4
thp_scan_exceed_share_pte 0
thp_split_pud 0
thp_zero_page_alloc 1
thp_zero_page_alloc_failed 0
thp_swpout 0
thp_swpout_fallback 2273
balloon_inflate 40931652
balloon_deflate 40931652
balloon_migrate 68353
swap_ra 201467
swap_ra_hit 146850
swpin_zero 278173
swpout_zero 2488305
ksm_swpin_copy 0
cow_ksm 0
zswpin 0
zswpout 0
zswpwb 0
direct_map_level2_splits 78
direct_map_level3_splits 2
direct_map_level2_collapses 0
direct_map_level3_collapses 0
nr_unstable 0
---SNAPSHOT---
2026-04-27 01:19:26
nr_free_pages 1234864
nr_free_pages_blocks 717312
nr_zone_inactive_anon 124623
nr_zone_active_anon 475058
nr_zone_inactive_file 29466
nr_zone_active_file 31603
nr_zone_unevictable 0
nr_zone_write_pending 177
nr_mlock 0
nr_zspages 0
nr_free_cma 0
nr_unaccepted 0
numa_hit 177861476
numa_miss 0
numa_foreign 0
numa_interleave 2149
numa_local 177808663
numa_other 0
nr_inactive_anon 124623
nr_active_anon 475058
nr_inactive_file 29466
nr_active_file 31603
nr_unevictable 0
nr_slab_reclaimable 14250
nr_slab_unreclaimable 56990
nr_isolated_anon 0
nr_isolated_file 0
workingset_nodes 45
workingset_refault_anon 185861
workingset_refault_file 2379571
workingset_activate_anon 130264
workingset_activate_file 118145
workingset_restore_anon 9654
workingset_restore_file 39944
workingset_nodereclaim 79192
nr_anon_pages 578589
nr_mapped 58502
nr_file_pages 83318
nr_dirty 177
nr_writeback 0
nr_shmem 9704
nr_shmem_hugepages 0
nr_shmem_pmdmapped 0
nr_file_hugepages 0
nr_file_pmdmapped 0
nr_anon_transparent_hugepages 2
nr_vmscan_write 7196050
nr_vmscan_immediate_reclaim 25
nr_dirtied 16745208
nr_written 20625321
nr_throttled_written 0
nr_kernel_misc_reclaimable 0
nr_foll_pin_acquired 69538615
nr_foll_pin_released 69538615
nr_kernel_stack 18816
nr_page_table_pages 14517
nr_sec_page_table_pages 0
nr_iommu_pages 0
nr_swapcached 12532
pgpromote_success 0
pgpromote_candidate 0
pgdemote_kswapd 0
pgdemote_direct 0
pgdemote_khugepaged 0
pgdemote_proactive 0
nr_hugetlb 0
nr_balloon_pages 0
nr_dirty_threshold 63701
nr_dirty_background_threshold 25293
nr_memmap_pages 0
nr_memmap_boot_pages 32768
pgpgin 306631697
pgpgout 85418748
pswpin 329740
pswpout 4412711
pgalloc_dma 256
pgalloc_dma32 82770740
pgalloc_normal 177543163
pgalloc_movable 0
pgalloc_device 0
allocstall_dma 0
allocstall_dma32 0
allocstall_normal 3689
allocstall_movable 104527
allocstall_device 0
pgskip_dma 0
pgskip_dma32 36178
pgskip_normal 63260
pgskip_movable 0
pgskip_device 0
pgfree 264964137
pgactivate 1504885
pgdeactivate 3638508
pglazyfree 6692
pgfault 184171402
pgmajfault 373817
pglazyfreed 26
pgrefill 3128288
pgreuse 16479292
pgsteal_kswapd 5618570
pgsteal_direct 4180289
pgsteal_khugepaged 293
pgsteal_proactive 0
pgscan_kswapd 12768747
pgscan_direct 29779704
pgscan_khugepaged 478
pgscan_proactive 0
pgscan_direct_throttle 0
pgscan_anon 4443482
pgscan_file 38105447
pgsteal_anon 2296164
pgsteal_file 7502988
zone_reclaim_success 0
zone_reclaim_failed 0
pginodesteal 0
slabs_scanned 4250710
kswapd_inodesteal 6828
kswapd_low_wmark_hit_quickly 985
kswapd_high_wmark_hit_quickly 14608
pageoutrun 15688
pgrotated 3020171
drop_pagecache 37
drop_slab 37
oom_kill 1
numa_pte_updates 0
numa_huge_pte_updates 0
numa_hint_faults 0
numa_hint_faults_local 0
numa_pages_migrated 0
pgmigrate_success 3100829
pgmigrate_fail 66469
thp_migration_success 0
thp_migration_fail 0
thp_migration_split 0
compact_migrate_scanned 30360754
compact_free_scanned 36729747
compact_isolated 6343946
compact_stall 1142
compact_fail 394
compact_success 748
compact_daemon_wake 4892
compact_daemon_migrate_scanned 28226765
compact_daemon_free_scanned 34753909
htlb_buddy_alloc_success 0
htlb_buddy_alloc_fail 0
cma_alloc_success 0
cma_alloc_fail 0
unevictable_pgs_culled 30349
unevictable_pgs_scanned 0
unevictable_pgs_rescued 3445
unevictable_pgs_mlocked 3445
unevictable_pgs_munlocked 3444
unevictable_pgs_cleared 0
unevictable_pgs_stranded 1
thp_fault_alloc 35005
thp_fault_fallback 7415
thp_fault_fallback_charge 0
thp_collapse_alloc 16
thp_collapse_alloc_failed 2
thp_file_alloc 0
thp_file_fallback 0
thp_file_fallback_charge 0
thp_file_mapped 13487
thp_split_page 2273
thp_split_page_failed 0
thp_deferred_split_page 7
thp_underused_split_page 0
thp_split_pmd 2753
thp_scan_exceed_none_pte 149
thp_scan_exceed_swap_pte 4
thp_scan_exceed_share_pte 0
thp_split_pud 0
thp_zero_page_alloc 1
thp_zero_page_alloc_failed 0
thp_swpout 0
thp_swpout_fallback 2273
balloon_inflate 40931652
balloon_deflate 40931652
balloon_migrate 68353
swap_ra 201467
swap_ra_hit 146850
swpin_zero 278173
swpout_zero 2488305
ksm_swpin_copy 0
cow_ksm 0
zswpin 0
zswpout 0
zswpwb 0
direct_map_level2_splits 78
direct_map_level3_splits 2
direct_map_level2_collapses 0
direct_map_level3_collapses 0
nr_unstable 0
