procs -----------memory---------- ---swap-- -----io---- -system-- -------cpu-------
 r  b   swpd   free   buff  cache   si   so    bi    bo   in   cs us sy id wa st gu
 4  0 274144 5244096   4812 341108    0   82   144   114  338    0  0  0 99  0  0  0
 0  0 274144 5257248   5264 341628    0    0   452     0  578  345  0  0 100  0  0  0
 0  0 274144 5261104   5280 342412    0    0   172     0 1036  572  0  2 98  0  0  0
 1  0 274144 5284092   5288 342424    0    0     4    60 1204  605  1  1 98  0  0  0
 4  0 274144 4459588   5692 370456    0    0 11280     0 4504  622 39  9 52  0  0  0
 4  0 274144 3571900   5692 370464    0    0     0     0 4320  295 42  8 50  0  0  0
 4  0 294112 3970308   5692 370468    0 19968     0 19968 4390  379 41  9 49  0  0  0
 4  0 668384 4034976   5692 370472    0 620032     0 620032 7438 1048 32 20 48  0  0  0
 4  0 274144 3577684   5700 370480    0    0     0    48 4988  748 42 10 48  0  0  0
 4  0 274144 4596884   5700 372040    0    0     4     0 6174 4066 43 10 47  0  0  0
 3  1 341220 3752848   5700 372048    0 67076     0 67076 4468  368 41  9 49  0  0  0
 3  1 350436 3069284   5700 372052    0 9216     0  9216 3630  465 32  6 49 12  0  0
 4  0 434364 4322284   5700 372056    0 83848     0 83848 4213  615 30 10 50 10  0  0
 3  6 446180 3629316   5704 372056    0 11896     0 11908 3608  399 32  6 17 45  0  0
 4  0 896916 3588848   5852 372064    0 450652   144 450656 12827 1457 31 10 16 43  0  0
 4  0 274144 3419336   5984 372068    0 17312   132 17312 4545  467 38 11 49  1  0  0
 5  0 463076 3521172   5992 372076    0 188916     0 188936 16283 2932 26 12 49 12  0  0
 3  2 669668 3113476   6252 372080    0 206608   260 206608 24202 4637 22 12 49 17  0  0
 2  2 774840 3339516   6252 372084    0 105172     0 105172 13835 2599 21  9 49 20  0  0
 2  2 973276 3579924   6252 372092    0 198436     0 198436 22848 4258 21 11 50 17  0  0
 2  2 1142824 3143052   6252 372096    0 169548     0 169548 16297 2999 22 10 50 18  0  0
procs -----------memory---------- ---swap-- -----io---- -system-- -------cpu-------
 r  b   swpd   free   buff  cache   si   so    bi    bo   in   cs us sy id wa st gu
 2  2 1348796 3363788   6260 372108    0 205972     0 205988 23215 4152 21 12 50 17  0  0
 4  0 274144 4122812   6260 372112    0 205348     0 205348 9126 4003 31 21 47  1  0  0
 4  0 274144 3461116   6260 372116    0    0     0     0 4288  327 45  6 50  0  0  0
 4  0 274144 3436296   6260 372124    0    0     0     0 4317  357 44  7 50  0  0  0
 4  0 274144 4629320   6260 372128    0    0     0     0 4389  348 38 13 49  0  0  0
 4  0 274144 3805284   6272 372132    0    0     4   604 4479  495 41  9 50  0  0  0
 4  0 274144 3612480   6272 372140    0    0     0     0 4429  434 40 11 49  0  0  0
 4  0 274144 4653152   6272 372144    0    0     0     0 4332  350 39 11 50  0  0  0
 4  0 274144 3783572   6272 372152    0    0     0     0 4325  293 42  8 49  0  0  0
 4  0 274144 3546636   6272 372156    0    0     0     0 4311  340 43  8 49  0  0  0
 3  2 607660 3614636   6284 372172    0 333516     4 333768 15963 2790 27 14 50  9  0  0
 4  2 824708 3207068   6284 372176    0 217048     0 217048 25758 4794 22 11 50 17  0  0
 2  2 1033076 2983936   6284 372184    0 208368     0 208368 25506 4562 18 14 50 17  0  0
 2  2 1039156 3371924   6284 372192    0 6080     0  6080 3462  482 22  3 50 25  0  0
 1  3 1041912 3143312   6284 372196    0 2756     0  2756 2699  389 22  2 50 26  0  0
 1  4 1043276 2963732   6288 372200    0 1364     4  1364 1668  378 11  2 50 37  0  0
 1  3 1044164 2842832   6296 372208    0  888     0   924 3479 3934 10  7 45 39  0  0
 1  3 1049388 2850440   6296 372212    0 5200     0  5200 2436  633 13  1 50 37  0  0
 3  3 1177104 2842124   6296 372220    0 127708     0 127708 19075 6650 13  6 51 30  0  0
 1  3 1326156 2843044   6296 372224    0 149084     0 149084 22671 7660  8 12 51 29  0  0
 4  0 850104 3409408   6296 372236    0 163908     0 163908 18433 5516 16 10 51 23  0  0
procs -----------memory---------- ---swap-- -----io---- -system-- -------cpu-------
 r  b   swpd   free   buff  cache   si   so    bi    bo   in   cs us sy id wa st gu
 2  2 1037228 3210768   6304 372240    0 187164     0 187180 19001 4607 24  9 51 17  0  0
 2  2 1060568 3402364   6304 372248    0 23340     0 23340 5012  905 21  5 50 24  0  0
 2  2 1130064 3624976   6304 372256    0 69496     0 69496 7903 1941 21  7 50 22  0  0
 2  2 1287760 3194680   6304 372260    0 157696     0 157696 15462 3935 22 10 51 18  0  0
 4  0 274144 4519652   6304 372268    0 266384     0 266384 7319 1216 29 18 50  3  0  0
 4  0 274144 4281152   6312 372272    0    0     0    16 4344  323 42  8 50  0  0  0
 4  0 274144 3995312   6312 372276    0    0     0     0 4341  352 42  8 49  0  0  0
 4  0 274144 4152460   6312 372284    0    0     0     0 4293  337 39 11 50  0  0  0
 4  0 274144 3865568   6612 372216    0    0   308     0 4429  413 43  8 50  0  0  0
 4  0 274144 3801968   6612 372304    0    0     0     0 4320  324 44  6 50  0  0  0
 4  0 274144 4369480   6620 372308    0    0     0    16 6134 3575 44  9 46  0  0  0
 4  0 274144 4136548   6620 372312    0    0     0     0 4518  354 42  9 50  0  0  0
 4  0 274144 3886508   6620 372320    0    0     0     0 4292  379 42  8 49  0  0  0
 4  0 274144 4352108   6620 372324    0    0     0     0 4249  322 41 10 50  0  0  0
 4  0 274144 4104848   6620 372332    0    0     0     0 4340  311 43  8 50  0  0  0
 4  0 274144 3847408   6628 372332    0    0     0    16 4359  318 42  8 50  0  0  0
 4  0 274144 4267368   6628 372340    0    0     0     0 4357  330 41 10 50  0  0  0
 4  0 274144 4061400   6628 372348    0    0     0     0 4282  319 41 10 50  0  0  0
 5  0 274144 3828120   6628 372352    0    0     0     0 4316  344 41  9 50  0  0  0
 4  0 716000 3322008   6628 372356    0 441856     0 441856 5461  641 32 19 50  0  0  0
 3  7 860900 2982372   6632 372364    0 144900     0 144956 4046  495 29 11 33 27  0  0
procs -----------memory---------- ---swap-- -----io---- -system-- -------cpu-------
 r  b   swpd   free   buff  cache   si   so    bi    bo   in   cs us sy id wa st gu
 4  0 275680 4283992   6636 372384    0 53244     0 53452 6978 1011 36  7 33 25  0  0
 5  0 275680 4240520   6636 372388    0    0     0     0 4294  315 44  7 50  0  0  0
 4  0 275680 4015352   6636 372396    0    0     0     0 4264  288 42  8 50  0  0  0
 3  6 307428 3384564   6640 372404    0 31748     0 31780 5215 3142 35  7 39 20  0  0
 3  1 375524 3612760   6644 372412    0 68096     0 68100 9738 1267 32  7 18 44  0  0
 4  0 747920 3647264   6644 372416    0 372332     0 372332 5996  834 29 18 49  4  0  0
 3  1 888036 3292888   6644 372420    0 140180     0 140180 4779  654 34  7 49  9  0  0
 3  3 903396 3134928   6648 372428    0 15360     0 15372 3835  526 30  8 39 22  0  0
 4  0 275680 4311604   6652 372432    0 12284     0 12288 5738  676 39  8 44  9  0  0
 4  0 275680 4220932   6652 372440    0    0     0     0 4384  366 43  7 50  0  0  0
 4  0 275680 3967812   6652 372444    0    0     0     0 4334  326 42  8 50  0  0  0
 4  0 275680 4351800   6660 372452    0    0     0    16 4519  543 42  9 49  0  0  0
 4  0 275680 4134888   6660 372456    0    0     0     0 4317  303 43  8 50  0  0  0
 4  0 275680 3857060   6660 372460    0    0     0     0 4386  347 43  8 49  0  0  0
 4  0 275680 4230784   6660 372468    0    0     0     0 4340  350 41  9 49  0  0  0
 4  0 275680 3960224   6660 372472    0    0     0     0 4340  333 42  9 49  0  0  0
 4  0 275680 3701480   7884 374416    0    0  3144    32 6300 3745 45  9 45  1  0  0
 4  0 275680 4100320   7884 374420    0    0     0     0 4339  338 42  9 50  0  0  0
 4  0 275680 3836436   7884 374424    0    0     0     0 4346  336 42  8 49  0  0  0
 3  1 725732 3144012   7884 374436    0 450052     0 450052 6033  672 34 14 49  2  0  0
 4  1 725732 3748872   7884 374440    0    0     0     0 3865  452 31  7 50 12  0  0
procs -----------memory---------- ---swap-- -----io---- -system-- -------cpu-------
 r  b   swpd   free   buff  cache   si   so    bi    bo   in   cs us sy id wa st gu
 4  1 741092 3701940   7888 374448    0 15360     0 15376 3574  458 33  6 49 12  0  0
 0  2 743340 3981432   7892 374444    0 2248     0  2252 12551 1755 20  4 23 53  0  0
 0  2 745028 3987072   7900 374452    0 1688     0  1704 1066  429  0  1 69 30  0  0
 0  2 745028 4002320   7900 374460    0    0     0   164  573  335  0  0 74 25  0  0
 0  2 792872 4019828   7900 374464    0 47844     0 47844 5416 1201  0  3 75 22  0  0
 0  2 800212 4029220   7900 374472    0 7340     0  7340 1106  431  0  1 75 24  0  0
