procs -----------memory---------- ---swap-- -----io---- -system-- -------cpu-------
 r  b   swpd   free   buff  cache   si   so    bi    bo   in   cs us sy id wa st gu
 1  0      0 5328432   4240 332984    0   93   144   125  339    0  0  0 99  0  0  0
 4  0      0 5327688   4700 333496    0    0   472     0  650  400  0  0 99  0  0  0
 0  0      0 5325880   4700 334280    0    0   144     0  979  470  1  1 98  0  0  0
 1  0      0 5324620   4708 334288    0    0     4    56 1112  647  0  1 99  0  0  0
 4  1      0 4567472   5532 366208    0    0 13736     0 6683 3813 40 11 45  4  0  0
 4  0      0 3833292   5824 366980    0    0  1136     0 4755  603 36 15 45  4  0  0
 5  0      0 3102440   5824 366984    0    0     0     0 4476  381 36 15 49  0  0  0
 4  0 384520 4180740   5824 366988    0 384512     0 384512 10596  945 36 20 44  0  0  0
 4  0      0 4023036   5832 366996    0 255488     0 255596 5494 1086 41 11 48  0  0  0
 4  0  17920 3626368   5832 367000    0 17920     0 17920 4508  467 49  2 49  0  0  0
 3  1 259588 3561416   5832 367008    0 241668     0 241668 4712  582 35  8 50  8  0  0
 3  1 259588 3509556   5832 367012    0    0     0     0 3492  370 35  3 50 12  0  0
 3  1 274948 2861536   5832 367016    0 15360     0 15360 3597  431 33  5 50 12  0  0
 3  6 274948 3672316   5836 367016    0    0     0    12 3466  346 36  2 16 46  0  0
 4  0      0 4120972   5840 367024    0 365052     0 365056 7349 1042 38  9 39 14  0  0
 4  0      0 3984916   5840 367028    0    0     0     0 4350  345 47  3 50  0  0  0
 4  0      0 3202852   5840 367036    0    0     0     0 4343  336 49  2 50  0  0  0
 4  0      0 3702332   5848 367032    0    0     0    16 4350  351 49  2 49  0  0  0
 4  0      0 4009640   5848 367044    0    0     0     0 4339  351 48  2 50  0  0  0
 4  0      0 4159688   5848 367052    0    0     0     0 6051 3455 50  3 47  0  0  0
 4  0 197636 3909576   5848 367056    0 197572     0 197572 4776  534 44  6 50  0  0  0
procs -----------memory---------- ---swap-- -----io---- -system-- -------cpu-------
 r  b   swpd   free   buff  cache   si   so    bi    bo   in   cs us sy id wa st gu
 4  0 180992 3557924   5848 367064    0 442428     0 442428 5443  952 36 14 49  0  0  0
 4  0      0 4598700   5856 367072    0    0     0    16 4363  409 48  3 49  0  0  0
 4  0      0 3631508   5856 367076    0    0     0     0 4412  352 49  2 49  0  0  0
 4  0      0 4422868   5856 367084    0    0     0     0 4394  398 48  2 49  0  0  0
 4  0      0 3633772   5856 367088    0    0     0     0 4320  342 48  3 49  0  0  0
 4  0      0 2843500   5856 367096    0    0     0     0 4316  329 49  2 49  0  0  0
 4  0      0 4082832   5864 367092    0    0     0    16 4324  335 48  3 50  0  0  0
 4  0      0 3323512   5868 367104    0    0     4   624 4551  544 47  3 49  0  0  0
 4  0      0 4363296   5868 367112    0    0     0     0 4388  383 47  4 50  0  0  0
 4  0      0 4083436   5868 367116    0    0     0     0 4333  335 47  4 50  0  0  0
 4  0      0 4235484   5868 367124    0    0     0     0 4328  346 48  2 49  0  0  0
 4  0      0 3852892   5876 367128    0    0     0    40 4362  332 47  4 49  0  0  0
 4  0      0 3474544   5884 367128    0    0     8   208 4370  343 47  4 49  0  0  0
 4  0      0 3805220   5884 367152    0    0     0     0 6010 3492 49  5 46  0  0  0
 4  0      0 4036936   5888 367152    0    0     4     8 4334  363 47  4 50  0  0  0
 4  0      0 3729292   5888 367172    0    0     0     0 4317  357 46  5 50  0  0  0
 4  0   1336 3715516   5900 367168    0 1236     4  1280 4318  343 46  4 50  0  0  0
 4  0 630272 3192936   5900 367180    0 629036     0 629040 6998 1026 37 14 49  0  0  0
 4  0 433388 3664116   5900 367188    0 443048     0 443048 6273  898 38 13 49  0  0  0
 4  0      0 3026224   5900 367192    0 206680     0 206680 5253  629 40 10 49  0  0  0
 4  0      0 3744644   5900 367200    0    0     0     0 4320  347 49  2 49  0  0  0
procs -----------memory---------- ---swap-- -----io---- -system-- -------cpu-------
 r  b   swpd   free   buff  cache   si   so    bi    bo   in   cs us sy id wa st gu
 4  0      0 4411992   5908 367208    0    0     0    32 4341  333 48  3 50  0  0  0
 4  0      0 3424152   5908 367216    0    0     0     0 4323  328 47  3 50  0  0  0
 4  0      0 3706700   5916 367224    0    0     0    32 4412  392 47  4 49  0  0  0
 4  0      0 3959800   5916 367228    0    0     0     0 4297  328 48  3 49  0  0  0
 4  0      0 3615284   5916 367236    0    0     0     0 4364  359 47  4 50  0  0  0
 4  0      0 3900132   5916 367240    0    0     0     0 4399  320 47  4 50  0  0  0
 4  0      0 4147888   5916 367244    0    0     0     0 4350  365 47  3 50  0  0  0
 4  0      0 3758516   5916 367252    0    0     0     0 5864 2862 50  3 47  0  0  0
 4  0      0 3979956   5924 367256    0    0     0    16 4343  361 48  2 49  0  0  0
 4  0      0 3578548   5924 367264    0    0     0     0 4371  347 48  2 49  0  0  0
 4  0      0 3795888   5924 367268    0    0     0     0 4321  334 48  2 49  0  0  0
 4  0      0 3996716   5924 367272    0    0     0     0 4351  349 48  3 50  0  0  0
 4  0      0 3643340   5924 367280    0    0     0     0 4292  317 47  4 50  0  0  0
 4  0      0 3420192   5932 367284    0    0     0    16 4287  324 47  4 50  0  0  0
 4  0      0 3946640   5932 367292    0    0     0     0 4340  323 47  4 50  0  0  0
 4  0      0 4468076   5932 367296    0    0     0     0 4342  317 47  3 50  0  0  0
 4  0      0 3595924   5932 367300    0    0     0     0 4474  574 46  5 49  0  0  0
 4  0      0 3917780   5932 367308    0    0     0     0 4351  332 44  6 50  0  0  0
 4  0      0 3289940   5940 367300    0    0     0    16 4338  354 45  5 49  0  0  0
 4  0      0 2790608   5940 367320    0    0     0     0 4333  325 49  1 50  0  0  0
 4  0      0 4051888   5940 367328    0    0     0     0 4366  363 48  2 49  0  0  0
procs -----------memory---------- ---swap-- -----io---- -system-- -------cpu-------
 r  b   swpd   free   buff  cache   si   so    bi    bo   in   cs us sy id wa st gu
 4  0      0 3837720   5940 367328    0    0     0     0 4320  322 47  4 50  0  0  0
 5  0      0 4037012   5940 367340    0    0     0    68 6359 3365 49  5 46  0  0  0
 4  0      0 4399448   5948 367348    0    0     0    24 4395  367 47  4 49  0  0  0
 4  0      0 3406208   5948 367352    0    0     0     0 4357  359 47  3 50  0  0  0
 4  0      0 4247172   5948 367360    0    0     0     0 4326  318 47  4 50  0  0  0
 4  0      0 4021140   5948 367364    0    0     0     0 4382  353 47  4 50  0  0  0
 6  0      0 4143708   5948 367384    0    0     0   220 4450  500 49  2 49  0  0  0
 4  0      0 3859264   5956 367392    0    0     0    28 4334  339 48  2 50  0  0  0
 4  0      0 3486284   5956 367396    0    0     0     0 4383  387 48  2 49  0  0  0
 4  0      0 4264460   5956 367404    0    0     0     0 4338  344 48  2 50  0  0  0
 4  0      0 3952888   5956 367404    0    0     0     0 4342  322 48  2 50  0  0  0
 4  0      0 4140060   5956 367416    0    0     0     0 4348  359 48  2 50  0  0  0
 4  0      0 3813044   5964 367416    0    0     0    16 4364  339 48  2 50  0  0  0
 4  0      0 3406000   5964 367424    0    0     0     0 4325  329 48  2 50  0  0  0
 4  0      0 3741848   5964 367428    0    0     0     0 4418  331 47  3 50  0  0  0
 4  0      0 3572396   5964 367436    0    0     0     0 4405  338 49  2 50  0  0  0
 4  0      0 4033480   5964 367440    0    0     0     0 6017 2961 51  3 46  0  0  0
 4  0      0 3723072   5972 367448    0    0     0    16 4365  346 49  2 50  0  0  0
 3  1  36356 3509968   5972 367452    0 36356     0 36356 3994  464 39  3 50  9  0  0
 3  1  51716 4012140   5972 367460    0 15360     0 15360 3680  447 36  2 50 12  0  0
 3  1  91140 3225960   5972 367472    0 39424     0 39424 4024  508 37  3 50 11  0  0
procs -----------memory---------- ---swap-- -----io---- -system-- -------cpu-------
 r  b   swpd   free   buff  cache   si   so    bi    bo   in   cs us sy id wa st gu
 3  1 179716 4236296   5972 367476    0 88576     0 88576 4436  648 36  4 49 10  0  0
 3  6 196100 3566624   5976 367472    0 16384     0 16396 3708  426 36  2 40 22  0  0
 3  2 232964 4082176   5980 367480    0 36864     0 36868 6053  694 36  2 32 29  0  0
 3  1 232964 3406084   5980 367492    0    0     0     0 3651  411 36  2 47 15  0  0
 3  1 248324 3793892   5980 367496    0 15360     0 15360 3575  435 36  2 49 12  0  0
 3  1 248324 3298644   5980 367504    0    0     0     0 3624  411 34  4 49 12  0  0
 3  6 248324 2801636   5984 367504    0    0     0    12 3340  292 35  2 25 37  0  0
 0  2 279556 4502528   5988 367496    0 31232     0 31236 10303 5387 18  1 47 34  0  0
 0  3 279556 4524352   5992 367500    0    0     0    12  705  411  0  1 75 25  0  0
 0  4  17924 5180108   6000 367512    0 15360     8 15368 2776 1492  0  1 53 46  0  0
